\BOOKMARK [1][-]{section.1}{\376\377\000I\000n\000t\000r\000o\000d\000u\000c\000t\000i\000o\000n}{}% 1
\BOOKMARK [2][-]{subsection.1.1}{\376\377\000N\000o\000v\000e\000l\000\040\000V\000i\000e\000w\000\040\000S\000y\000n\000t\000h\000e\000s\000i\000s}{section.1}% 2
\BOOKMARK [2][-]{subsection.1.2}{\376\377\000N\000e\000u\000r\000a\000l\000\040\000R\000a\000d\000i\000a\000n\000c\000e\000\040\000F\000i\000e\000l\000d\000s\000\040\000\050\000N\000e\000R\000F\000\051}{section.1}% 3
\BOOKMARK [2][-]{subsection.1.3}{\376\377\0003\000D\000\040\000G\000a\000u\000s\000s\000i\000a\000n\000\040\000S\000p\000l\000a\000t\000t\000i\000n\000g\000\040\000\050\0003\000D\000G\000S\000\051}{section.1}% 4
\BOOKMARK [2][-]{subsection.1.4}{\376\377\000C\000o\000m\000p\000a\000r\000a\000t\000i\000v\000e\000\040\000A\000n\000a\000l\000y\000s\000i\000s\000:\000\040\000N\000e\000R\000F\000\040\000v\000s\000.\000\040\0003\000D\000G\000S}{section.1}% 5
\BOOKMARK [1][-]{section.2}{\376\377\000M\000a\000t\000h\000e\000m\000a\000t\000i\000c\000a\000l\000\040\000R\000e\000p\000r\000e\000s\000e\000n\000t\000a\000t\000i\000o\000n\000\040\000o\000f\000\040\0003\000D\000\040\000G\000a\000u\000s\000s\000i\000a\000n\000s}{}% 6
\BOOKMARK [2][-]{subsection.2.1}{\376\377\000T\000h\000e\000\040\0003\000D\000\040\000G\000a\000u\000s\000s\000i\000a\000n\000\040\000K\000e\000r\000n\000e\000l}{section.2}% 7
\BOOKMARK [2][-]{subsection.2.2}{\376\377\000G\000a\000u\000s\000s\000i\000a\000n\000\040\000P\000r\000i\000m\000i\000t\000i\000v\000e}{section.2}% 8
\BOOKMARK [2][-]{subsection.2.3}{\376\377\000S\000c\000e\000n\000e\000\040\000R\000e\000p\000r\000e\000s\000e\000n\000t\000a\000t\000i\000o\000n\000\040\000a\000n\000d\000\040\000P\000a\000r\000a\000m\000e\000t\000e\000r\000\040\000C\000o\000u\000n\000t}{section.2}% 9
\BOOKMARK [1][-]{section.3}{\376\377\000C\000o\000v\000a\000r\000i\000a\000n\000c\000e\000\040\000F\000a\000c\000t\000o\000r\000i\000s\000a\000t\000i\000o\000n\000\040\000a\000n\000d\000\040\000R\000o\000t\000a\000t\000i\000o\000n}{}% 10
\BOOKMARK [2][-]{subsection.3.1}{\376\377\000T\000h\000e\000\040\000R\000S\000\040\000F\000a\000c\000t\000o\000r\000i\000s\000a\000t\000i\000o\000n}{section.3}% 11
\BOOKMARK [2][-]{subsection.3.2}{\376\377\000Q\000u\000a\000t\000e\000r\000n\000i\000o\000n\000\040\000R\000e\000p\000r\000e\000s\000e\000n\000t\000a\000t\000i\000o\000n\000\040\000o\000f\000\040\000R\000o\000t\000a\000t\000i\000o\000n}{section.3}% 12
\BOOKMARK [1][-]{section.4}{\376\377\000C\000o\000l\000o\000u\000r\000\040\000M\000o\000d\000e\000l\000l\000i\000n\000g\000\040\000v\000i\000a\000\040\000S\000p\000h\000e\000r\000i\000c\000a\000l\000\040\000H\000a\000r\000m\000o\000n\000i\000c\000s}{}% 13
\BOOKMARK [2][-]{subsection.4.1}{\376\377\000M\000o\000t\000i\000v\000a\000t\000i\000o\000n}{section.4}% 14
\BOOKMARK [2][-]{subsection.4.2}{\376\377\000V\000i\000e\000w\000-\000D\000e\000p\000e\000n\000d\000e\000n\000t\000\040\000C\000o\000l\000o\000u\000r}{section.4}% 15
\BOOKMARK [2][-]{subsection.4.3}{\376\377\000D\000e\000g\000r\000e\000e\000\040\000S\000e\000l\000e\000c\000t\000i\000o\000n}{section.4}% 16
\BOOKMARK [1][-]{section.5}{\376\377\000A\000l\000p\000h\000a\000\040\000B\000l\000e\000n\000d\000i\000n\000g\000\040\000a\000n\000d\000\040\000A\000c\000c\000u\000m\000u\000l\000a\000t\000i\000o\000n\000\040\000R\000e\000n\000d\000e\000r\000i\000n\000g}{}% 17
\BOOKMARK [2][-]{subsection.5.1}{\376\377\000A\000l\000p\000h\000a\000\040\000C\000o\000m\000p\000o\000s\000i\000t\000i\000n\000g}{section.5}% 18
\BOOKMARK [2][-]{subsection.5.2}{\376\377\000P\000e\000r\000-\000G\000a\000u\000s\000s\000i\000a\000n\000\040\000O\000p\000a\000c\000i\000t\000y\000\040\000a\000t\000\040\000a\000\040\000P\000i\000x\000e\000l}{section.5}% 19
\BOOKMARK [2][-]{subsection.5.3}{\376\377\000I\000n\000c\000r\000e\000m\000e\000n\000t\000a\000l\000\040\000A\000c\000c\000u\000m\000u\000l\000a\000t\000i\000o\000n}{section.5}% 20
\BOOKMARK [2][-]{subsection.5.4}{\376\377\000C\000o\000n\000n\000e\000c\000t\000i\000o\000n\000\040\000t\000o\000\040\000N\000e\000R\000F\000\040\000V\000o\000l\000u\000m\000e\000\040\000R\000e\000n\000d\000e\000r\000i\000n\000g}{section.5}% 21
\BOOKMARK [1][-]{section.6}{\376\377\000O\000p\000t\000i\000m\000i\000s\000a\000t\000i\000o\000n\000\040\000M\000e\000c\000h\000a\000n\000i\000s\000m\000s\000:\000\040\000D\000e\000n\000s\000i\000f\000i\000c\000a\000t\000i\000o\000n\000,\000\040\000P\000r\000u\000n\000i\000n\000g\000,\000\040\000a\000n\000d\000\040\000O\000p\000a\000c\000i\000t\000y}{}% 22
\BOOKMARK [2][-]{subsection.6.1}{\376\377\000T\000r\000a\000i\000n\000i\000n\000g\000\040\000O\000b\000j\000e\000c\000t\000i\000v\000e}{section.6}% 23
\BOOKMARK [2][-]{subsection.6.2}{\376\377\000O\000p\000t\000i\000m\000i\000s\000e\000r}{section.6}% 24
\BOOKMARK [2][-]{subsection.6.3}{\376\377\000A\000d\000a\000p\000t\000i\000v\000e\000\040\000D\000e\000n\000s\000i\000t\000y\000\040\000C\000o\000n\000t\000r\000o\000l}{section.6}% 25
\BOOKMARK [2][-]{subsection.6.4}{\376\377\000P\000r\000u\000n\000i\000n\000g}{section.6}% 26
\BOOKMARK [2][-]{subsection.6.5}{\376\377\000P\000e\000r\000i\000o\000d\000i\000c\000\040\000O\000p\000a\000c\000i\000t\000y\000\040\000R\000e\000s\000e\000t}{section.6}% 27
