This is pdfTeX, Version 3.141592653-2.6-1.40.27 (TeX Live 2026/dev/Arch Linux) (preloaded format=pdflatex 2026.3.4)  20 MAR 2026 17:34
entering extended mode
 restricted \write18 enabled.
 %&-line parsing enabled.
**main.tex
(./main.tex
LaTeX2e <2024-11-01> patch level 2
L3 programming layer <2025-01-18>
(/usr/share/texmf-dist/tex/latex/beamer/beamer.cls
Document Class: beamer 2025/02/04 v3.72 A class for typesetting presentations
(/usr/share/texmf-dist/tex/latex/beamer/beamerbasemodes.sty
(/usr/share/texmf-dist/tex/latex/etoolbox/etoolbox.sty
Package: etoolbox 2025/02/11 v2.5l e-TeX tools for LaTeX (JAW)
\etb@tempcnta=\count196
)
\beamer@tempbox=\box52
\beamer@tempcount=\count197
\c@beamerpauses=\count198

(/usr/share/texmf-dist/tex/latex/beamer/beamerbasedecode.sty
\beamer@slideinframe=\count199
\beamer@minimum=\count266
\beamer@decode@box=\box53
)
\beamer@commentbox=\box54
\beamer@modecount=\count267
)
(/usr/share/texmf-dist/tex/generic/iftex/iftex.sty
Package: iftex 2024/12/12 v1.0g TeX engine tests
)
\headdp=\dimen141
\footheight=\dimen142
\sidebarheight=\dimen143
\beamer@tempdim=\dimen144
\beamer@finalheight=\dimen145
\beamer@animht=\dimen146
\beamer@animdp=\dimen147
\beamer@animwd=\dimen148
\beamer@leftmargin=\dimen149
\beamer@rightmargin=\dimen150
\beamer@leftsidebar=\dimen151
\beamer@rightsidebar=\dimen152
\beamer@boxsize=\dimen153
\beamer@vboxoffset=\dimen154
\beamer@descdefault=\dimen155
\beamer@descriptionwidth=\dimen156
\beamer@lastskip=\skip49
\beamer@areabox=\box55
\beamer@animcurrent=\box56
\beamer@animshowbox=\box57
\beamer@sectionbox=\box58
\beamer@logobox=\box59
\beamer@linebox=\box60
\beamer@sectioncount=\count268
\beamer@subsubsectionmax=\count269
\beamer@subsectionmax=\count270
\beamer@sectionmax=\count271
\beamer@totalheads=\count272
\beamer@headcounter=\count273
\beamer@partstartpage=\count274
\beamer@sectionstartpage=\count275
\beamer@subsectionstartpage=\count276
\beamer@animationtempa=\count277
\beamer@animationtempb=\count278
\beamer@xpos=\count279
\beamer@ypos=\count280
\beamer@ypos@offset=\count281
\beamer@showpartnumber=\count282
\beamer@currentsubsection=\count283
\beamer@coveringdepth=\count284
\beamer@sectionadjust=\count285
\beamer@toclastsection=\count286
\beamer@tocsectionnumber=\count287

(/usr/share/texmf-dist/tex/latex/beamer/beamerbaseoptions.sty
(/usr/share/texmf-dist/tex/latex/graphics/keyval.sty
Package: keyval 2022/05/29 v1.15 key=value parser (DPC)
\KV@toks@=\toks17
))
\beamer@paperwidth=\skip50
\beamer@paperheight=\skip51

(/usr/share/texmf-dist/tex/latex/geometry/geometry.sty
Package: geometry 2020/01/02 v5.9 Page Geometry

(/usr/share/texmf-dist/tex/generic/iftex/ifvtex.sty
Package: ifvtex 2019/10/25 v1.7 ifvtex legacy package. Use iftex instead.
)
\Gm@cnth=\count288
\Gm@cntv=\count289
\c@Gm@tempcnt=\count290
\Gm@bindingoffset=\dimen157
\Gm@wd@mp=\dimen158
\Gm@odd@mp=\dimen159
\Gm@even@mp=\dimen160
\Gm@layoutwidth=\dimen161
\Gm@layoutheight=\dimen162
\Gm@layouthoffset=\dimen163
\Gm@layoutvoffset=\dimen164
\Gm@dimlist=\toks18
)
(/usr/share/texmf-dist/tex/latex/pgf/math/pgfmath.sty
(/usr/share/texmf-dist/tex/latex/pgf/utilities/pgfrcs.sty
(/usr/share/texmf-dist/tex/generic/pgf/utilities/pgfutil-common.tex
\pgfutil@everybye=\toks19
\pgfutil@tempdima=\dimen165
\pgfutil@tempdimb=\dimen166
)
(/usr/share/texmf-dist/tex/generic/pgf/utilities/pgfutil-latex.def
\pgfutil@abb=\box61
)
(/usr/share/texmf-dist/tex/generic/pgf/utilities/pgfrcs.code.tex
(/usr/share/texmf-dist/tex/generic/pgf/pgf.revision.tex)
Package: pgfrcs 2023-01-15 v3.1.10 (3.1.10)
))
(/usr/share/texmf-dist/tex/latex/pgf/utilities/pgfkeys.sty
(/usr/share/texmf-dist/tex/generic/pgf/utilities/pgfkeys.code.tex
\pgfkeys@pathtoks=\toks20
\pgfkeys@temptoks=\toks21

(/usr/share/texmf-dist/tex/generic/pgf/utilities/pgfkeyslibraryfiltered.code.te
x
\pgfkeys@tmptoks=\toks22
))) (/usr/share/texmf-dist/tex/generic/pgf/math/pgfmath.code.tex
(/usr/share/texmf-dist/tex/generic/pgf/math/pgfmathutil.code.tex
\pgf@x=\dimen167
\pgf@xa=\dimen168
\pgf@xb=\dimen169
\pgf@xc=\dimen170
\pgf@y=\dimen171
\pgf@ya=\dimen172
\pgf@yb=\dimen173
\pgf@yc=\dimen174
\c@pgf@counta=\count291
\c@pgf@countb=\count292
\c@pgf@countc=\count293
\c@pgf@countd=\count294
)
(/usr/share/texmf-dist/tex/generic/pgf/math/pgfmathparser.code.tex
\pgfmath@dimen=\dimen175
\pgfmath@count=\count295
\pgfmath@box=\box62
\pgfmath@toks=\toks23
\pgfmath@stack@operand=\toks24
\pgfmath@stack@operation=\toks25
)
(/usr/share/texmf-dist/tex/generic/pgf/math/pgfmathfunctions.code.tex)
(/usr/share/texmf-dist/tex/generic/pgf/math/pgfmathfunctions.basic.code.tex)
(/usr/share/texmf-dist/tex/generic/pgf/math/pgfmathfunctions.trigonometric.code
.tex)
(/usr/share/texmf-dist/tex/generic/pgf/math/pgfmathfunctions.random.code.tex)
(/usr/share/texmf-dist/tex/generic/pgf/math/pgfmathfunctions.comparison.code.te
x) (/usr/share/texmf-dist/tex/generic/pgf/math/pgfmathfunctions.base.code.tex)
(/usr/share/texmf-dist/tex/generic/pgf/math/pgfmathfunctions.round.code.tex)
(/usr/share/texmf-dist/tex/generic/pgf/math/pgfmathfunctions.misc.code.tex)
(/usr/share/texmf-dist/tex/generic/pgf/math/pgfmathfunctions.integerarithmetics
.code.tex) (/usr/share/texmf-dist/tex/generic/pgf/math/pgfmathcalc.code.tex)
(/usr/share/texmf-dist/tex/generic/pgf/math/pgfmathfloat.code.tex
\c@pgfmathroundto@lastzeros=\count296
)))
(/usr/share/texmf-dist/tex/latex/base/size10.clo
File: size10.clo 2024/06/29 v1.4n Standard LaTeX file (size option)
)
(/usr/share/texmf-dist/tex/latex/pgf/basiclayer/pgfcore.sty
(/usr/share/texmf-dist/tex/latex/graphics/graphicx.sty
Package: graphicx 2021/09/16 v1.2d Enhanced LaTeX Graphics (DPC,SPQR)

(/usr/share/texmf-dist/tex/latex/graphics/graphics.sty
Package: graphics 2024/08/06 v1.4g Standard LaTeX Graphics (DPC,SPQR)

(/usr/share/texmf-dist/tex/latex/graphics/trig.sty
Package: trig 2023/12/02 v1.11 sin cos tan (DPC)
)
(/usr/share/texmf-dist/tex/latex/graphics-cfg/graphics.cfg
File: graphics.cfg 2016/06/04 v1.11 sample graphics configuration
)
Package graphics Info: Driver file: pdftex.def on input line 106.

(/usr/share/texmf-dist/tex/latex/graphics-def/pdftex.def
File: pdftex.def 2024/04/13 v1.2c Graphics/color driver for pdftex
))
\Gin@req@height=\dimen176
\Gin@req@width=\dimen177
)
(/usr/share/texmf-dist/tex/latex/pgf/systemlayer/pgfsys.sty
(/usr/share/texmf-dist/tex/generic/pgf/systemlayer/pgfsys.code.tex
Package: pgfsys 2023-01-15 v3.1.10 (3.1.10)
\pgf@x=\dimen178
\pgf@y=\dimen179
\pgf@xa=\dimen180
\pgf@ya=\dimen181
\pgf@xb=\dimen182
\pgf@yb=\dimen183
\pgf@xc=\dimen184
\pgf@yc=\dimen185
\pgf@xd=\dimen186
\pgf@yd=\dimen187
\w@pgf@writea=\write3
\r@pgf@reada=\read2
\c@pgf@counta=\count297
\c@pgf@countb=\count298
\c@pgf@countc=\count299
\c@pgf@countd=\count300
\t@pgf@toka=\toks26
\t@pgf@tokb=\toks27
\t@pgf@tokc=\toks28
\pgf@sys@id@count=\count301

(/usr/share/texmf-dist/tex/generic/pgf/systemlayer/pgf.cfg
File: pgf.cfg 2023-01-15 v3.1.10 (3.1.10)
)
Driver file for pgf: pgfsys-pdftex.def

(/usr/share/texmf-dist/tex/generic/pgf/systemlayer/pgfsys-pdftex.def
File: pgfsys-pdftex.def 2023-01-15 v3.1.10 (3.1.10)

(/usr/share/texmf-dist/tex/generic/pgf/systemlayer/pgfsys-common-pdf.def
File: pgfsys-common-pdf.def 2023-01-15 v3.1.10 (3.1.10)
)))
(/usr/share/texmf-dist/tex/generic/pgf/systemlayer/pgfsyssoftpath.code.tex
File: pgfsyssoftpath.code.tex 2023-01-15 v3.1.10 (3.1.10)
\pgfsyssoftpath@smallbuffer@items=\count302
\pgfsyssoftpath@bigbuffer@items=\count303
)
(/usr/share/texmf-dist/tex/generic/pgf/systemlayer/pgfsysprotocol.code.tex
File: pgfsysprotocol.code.tex 2023-01-15 v3.1.10 (3.1.10)
))
(/usr/share/texmf-dist/tex/latex/xcolor/xcolor.sty
Package: xcolor 2024/09/29 v3.02 LaTeX color extensions (UK)

(/usr/share/texmf-dist/tex/latex/graphics-cfg/color.cfg
File: color.cfg 2016/01/02 v1.6 sample color configuration
)
Package xcolor Info: Driver file: pdftex.def on input line 274.

(/usr/share/texmf-dist/tex/latex/graphics/mathcolor.ltx)
Package xcolor Info: Model `cmy' substituted by `cmy0' on input line 1349.
Package xcolor Info: Model `hsb' substituted by `rgb' on input line 1353.
Package xcolor Info: Model `RGB' extended on input line 1365.
Package xcolor Info: Model `HTML' substituted by `rgb' on input line 1367.
Package xcolor Info: Model `Hsb' substituted by `hsb' on input line 1368.
Package xcolor Info: Model `tHsb' substituted by `hsb' on input line 1369.
Package xcolor Info: Model `HSB' substituted by `hsb' on input line 1370.
Package xcolor Info: Model `Gray' substituted by `gray' on input line 1371.
Package xcolor Info: Model `wave' substituted by `hsb' on input line 1372.
)
(/usr/share/texmf-dist/tex/latex/graphics/dvipsnam.def
File: dvipsnam.def 2016/06/17 v3.0m Driver-dependent file (DPC,SPQR)
)
(/usr/share/texmf-dist/tex/generic/pgf/basiclayer/pgfcore.code.tex
Package: pgfcore 2023-01-15 v3.1.10 (3.1.10)

(/usr/share/texmf-dist/tex/generic/pgf/math/pgfint.code.tex)
(/usr/share/texmf-dist/tex/generic/pgf/basiclayer/pgfcorepoints.code.tex
File: pgfcorepoints.code.tex 2023-01-15 v3.1.10 (3.1.10)
\pgf@picminx=\dimen188
\pgf@picmaxx=\dimen189
\pgf@picminy=\dimen190
\pgf@picmaxy=\dimen191
\pgf@pathminx=\dimen192
\pgf@pathmaxx=\dimen193
\pgf@pathminy=\dimen194
\pgf@pathmaxy=\dimen195
\pgf@xx=\dimen196
\pgf@xy=\dimen197
\pgf@yx=\dimen198
\pgf@yy=\dimen199
\pgf@zx=\dimen256
\pgf@zy=\dimen257
)
(/usr/share/texmf-dist/tex/generic/pgf/basiclayer/pgfcorepathconstruct.code.tex
File: pgfcorepathconstruct.code.tex 2023-01-15 v3.1.10 (3.1.10)
\pgf@path@lastx=\dimen258
\pgf@path@lasty=\dimen259
) (/usr/share/texmf-dist/tex/generic/pgf/basiclayer/pgfcorepathusage.code.tex
File: pgfcorepathusage.code.tex 2023-01-15 v3.1.10 (3.1.10)
\pgf@shorten@end@additional=\dimen260
\pgf@shorten@start@additional=\dimen261
)
(/usr/share/texmf-dist/tex/generic/pgf/basiclayer/pgfcorescopes.code.tex
File: pgfcorescopes.code.tex 2023-01-15 v3.1.10 (3.1.10)
\pgfpic=\box63
\pgf@hbox=\box64
\pgf@layerbox@main=\box65
\pgf@picture@serial@count=\count304
)
(/usr/share/texmf-dist/tex/generic/pgf/basiclayer/pgfcoregraphicstate.code.tex
File: pgfcoregraphicstate.code.tex 2023-01-15 v3.1.10 (3.1.10)
\pgflinewidth=\dimen262
)
(/usr/share/texmf-dist/tex/generic/pgf/basiclayer/pgfcoretransformations.code.t
ex
File: pgfcoretransformations.code.tex 2023-01-15 v3.1.10 (3.1.10)
\pgf@pt@x=\dimen263
\pgf@pt@y=\dimen264
\pgf@pt@temp=\dimen265
) (/usr/share/texmf-dist/tex/generic/pgf/basiclayer/pgfcorequick.code.tex
File: pgfcorequick.code.tex 2023-01-15 v3.1.10 (3.1.10)
)
(/usr/share/texmf-dist/tex/generic/pgf/basiclayer/pgfcoreobjects.code.tex
File: pgfcoreobjects.code.tex 2023-01-15 v3.1.10 (3.1.10)
)
(/usr/share/texmf-dist/tex/generic/pgf/basiclayer/pgfcorepathprocessing.code.te
x
File: pgfcorepathprocessing.code.tex 2023-01-15 v3.1.10 (3.1.10)
) (/usr/share/texmf-dist/tex/generic/pgf/basiclayer/pgfcorearrows.code.tex
File: pgfcorearrows.code.tex 2023-01-15 v3.1.10 (3.1.10)
\pgfarrowsep=\dimen266
)
(/usr/share/texmf-dist/tex/generic/pgf/basiclayer/pgfcoreshade.code.tex
File: pgfcoreshade.code.tex 2023-01-15 v3.1.10 (3.1.10)
\pgf@max=\dimen267
\pgf@sys@shading@range@num=\count305
\pgf@shadingcount=\count306
)
(/usr/share/texmf-dist/tex/generic/pgf/basiclayer/pgfcoreimage.code.tex
File: pgfcoreimage.code.tex 2023-01-15 v3.1.10 (3.1.10)
)
(/usr/share/texmf-dist/tex/generic/pgf/basiclayer/pgfcoreexternal.code.tex
File: pgfcoreexternal.code.tex 2023-01-15 v3.1.10 (3.1.10)
\pgfexternal@startupbox=\box66
)
(/usr/share/texmf-dist/tex/generic/pgf/basiclayer/pgfcorelayers.code.tex
File: pgfcorelayers.code.tex 2023-01-15 v3.1.10 (3.1.10)
)
(/usr/share/texmf-dist/tex/generic/pgf/basiclayer/pgfcoretransparency.code.tex
File: pgfcoretransparency.code.tex 2023-01-15 v3.1.10 (3.1.10)
) (/usr/share/texmf-dist/tex/generic/pgf/basiclayer/pgfcorepatterns.code.tex
File: pgfcorepatterns.code.tex 2023-01-15 v3.1.10 (3.1.10)
)
(/usr/share/texmf-dist/tex/generic/pgf/basiclayer/pgfcorerdf.code.tex
File: pgfcorerdf.code.tex 2023-01-15 v3.1.10 (3.1.10)
)))
(/usr/share/texmf-dist/tex/latex/pgf/utilities/xxcolor.sty
Package: xxcolor 2003/10/24 ver 0.1
\XC@nummixins=\count307
\XC@countmixins=\count308
)
(/usr/share/texmf-dist/tex/latex/base/atbegshi-ltx.sty
Package: atbegshi-ltx 2021/01/10 v1.0c Emulation of the original atbegshi
package with kernel methods
)
(/usr/share/texmf-dist/tex/latex/hyperref/hyperref.sty
Package: hyperref 2024-11-05 v7.01l Hypertext links for LaTeX

(/usr/share/texmf-dist/tex/latex/kvsetkeys/kvsetkeys.sty
Package: kvsetkeys 2022-10-05 v1.19 Key value parser (HO)
)
(/usr/share/texmf-dist/tex/generic/kvdefinekeys/kvdefinekeys.sty
Package: kvdefinekeys 2019-12-19 v1.6 Define keys (HO)
)
(/usr/share/texmf-dist/tex/generic/pdfescape/pdfescape.sty
Package: pdfescape 2019/12/09 v1.15 Implements pdfTeX's escape features (HO)

(/usr/share/texmf-dist/tex/generic/ltxcmds/ltxcmds.sty
Package: ltxcmds 2023-12-04 v1.26 LaTeX kernel commands for general use (HO)
)
(/usr/share/texmf-dist/tex/generic/pdftexcmds/pdftexcmds.sty
Package: pdftexcmds 2020-06-27 v0.33 Utility functions of pdfTeX for LuaTeX (HO
)

(/usr/share/texmf-dist/tex/generic/infwarerr/infwarerr.sty
Package: infwarerr 2019/12/03 v1.5 Providing info/warning/error messages (HO)
)
Package pdftexcmds Info: \pdf@primitive is available.
Package pdftexcmds Info: \pdf@ifprimitive is available.
Package pdftexcmds Info: \pdfdraftmode found.
))
(/usr/share/texmf-dist/tex/latex/hycolor/hycolor.sty
Package: hycolor 2020-01-27 v1.10 Color options for hyperref/bookmark (HO)
)
(/usr/share/texmf-dist/tex/latex/hyperref/nameref.sty
Package: nameref 2023-11-26 v2.56 Cross-referencing by name of section

(/usr/share/texmf-dist/tex/latex/refcount/refcount.sty
Package: refcount 2019/12/15 v3.6 Data extraction from label references (HO)
)
(/usr/share/texmf-dist/tex/generic/gettitlestring/gettitlestring.sty
Package: gettitlestring 2019/12/15 v1.6 Cleanup title references (HO)

(/usr/share/texmf-dist/tex/latex/kvoptions/kvoptions.sty
Package: kvoptions 2022-06-15 v3.15 Key value format for package options (HO)
))
\c@section@level=\count309
)
(/usr/share/texmf-dist/tex/generic/stringenc/stringenc.sty
Package: stringenc 2019/11/29 v1.12 Convert strings between diff. encodings (HO
)
)
\@linkdim=\dimen268
\Hy@linkcounter=\count310
\Hy@pagecounter=\count311

(/usr/share/texmf-dist/tex/latex/hyperref/pd1enc.def
File: pd1enc.def 2024-11-05 v7.01l Hyperref: PDFDocEncoding definition (HO)
Now handling font encoding PD1 ...
... no UTF-8 mapping file for font encoding PD1
)
(/usr/share/texmf-dist/tex/generic/intcalc/intcalc.sty
Package: intcalc 2019/12/15 v1.3 Expandable calculations with integers (HO)
)
\Hy@SavedSpaceFactor=\count312

(/usr/share/texmf-dist/tex/latex/hyperref/puenc.def
File: puenc.def 2024-11-05 v7.01l Hyperref: PDF Unicode definition (HO)
Now handling font encoding PU ...
... no UTF-8 mapping file for font encoding PU
)
Package hyperref Info: Option `bookmarks' set `true' on input line 4040.
Package hyperref Info: Option `bookmarksopen' set `true' on input line 4040.
Package hyperref Info: Option `implicit' set `false' on input line 4040.
Package hyperref Info: Hyper figures OFF on input line 4157.
Package hyperref Info: Link nesting OFF on input line 4162.
Package hyperref Info: Hyper index ON on input line 4165.
Package hyperref Info: Plain pages OFF on input line 4172.
Package hyperref Info: Backreferencing OFF on input line 4177.
Package hyperref Info: Implicit mode OFF; no redefinition of LaTeX internals.
Package hyperref Info: Bookmarks ON on input line 4424.
\c@Hy@tempcnt=\count313

(/usr/share/texmf-dist/tex/latex/url/url.sty
\Urlmuskip=\muskip17
Package: url 2013/09/16  ver 3.4  Verb mode for urls, etc.
)
LaTeX Info: Redefining \url on input line 4763.
\XeTeXLinkMargin=\dimen269

(/usr/share/texmf-dist/tex/generic/bitset/bitset.sty
Package: bitset 2019/12/09 v1.3 Handle bit-vector datatype (HO)

(/usr/share/texmf-dist/tex/generic/bigintcalc/bigintcalc.sty
Package: bigintcalc 2019/12/15 v1.5 Expandable calculations on big integers (HO
)
))
\Fld@menulength=\count314
\Field@Width=\dimen270
\Fld@charsize=\dimen271
Package hyperref Info: Hyper figures OFF on input line 6042.
Package hyperref Info: Link nesting OFF on input line 6047.
Package hyperref Info: Hyper index ON on input line 6050.
Package hyperref Info: backreferencing OFF on input line 6057.
Package hyperref Info: Link coloring OFF on input line 6062.
Package hyperref Info: Link coloring with OCG OFF on input line 6067.
Package hyperref Info: PDF/A mode OFF on input line 6072.
\Hy@abspage=\count315


Package hyperref Message: Stopped early.

)
Package hyperref Info: Driver (autodetected): hpdftex.
 (/usr/share/texmf-dist/tex/latex/hyperref/hpdftex.def
File: hpdftex.def 2024-11-05 v7.01l Hyperref driver for pdfTeX

(/usr/share/texmf-dist/tex/latex/base/atveryend-ltx.sty
Package: atveryend-ltx 2020/08/19 v1.0a Emulation of the original atveryend pac
kage
with kernel methods
)
\Fld@listcount=\count316
\c@bookmark@seq@number=\count317

(/usr/share/texmf-dist/tex/latex/rerunfilecheck/rerunfilecheck.sty
Package: rerunfilecheck 2022-07-10 v1.10 Rerun checks for auxiliary files (HO)

(/usr/share/texmf-dist/tex/generic/uniquecounter/uniquecounter.sty
Package: uniquecounter 2019/12/15 v1.4 Provide unlimited unique counter (HO)
)
Package uniquecounter Info: New unique counter `rerunfilecheck' on input line 2
85.
))
(/usr/share/texmf-dist/tex/latex/beamer/beamerbaserequires.sty
(/usr/share/texmf-dist/tex/latex/beamer/beamerbasecompatibility.sty)
(/usr/share/texmf-dist/tex/latex/beamer/beamerbasefont.sty
(/usr/share/texmf-dist/tex/latex/amsfonts/amssymb.sty
Package: amssymb 2013/01/14 v3.01 AMS font symbols

(/usr/share/texmf-dist/tex/latex/amsfonts/amsfonts.sty
Package: amsfonts 2013/01/14 v3.01 Basic AMSFonts support
\@emptytoks=\toks29
\symAMSa=\mathgroup4
\symAMSb=\mathgroup5
LaTeX Font Info:    Redeclaring math symbol \hbar on input line 98.
LaTeX Font Info:    Overwriting math alphabet `\mathfrak' in version `bold'
(Font)                  U/euf/m/n --> U/euf/b/n on input line 106.
)))
(/usr/share/texmf-dist/tex/latex/beamer/beamerbasetranslator.sty
(/usr/share/texmf-dist/tex/latex/translator/translator.sty
Package: translator 2021-05-31 v1.12d Easy translation of strings in LaTeX
))
(/usr/share/texmf-dist/tex/latex/beamer/beamerbasemisc.sty)
(/usr/share/texmf-dist/tex/latex/beamer/beamerbasetwoscreens.sty)
(/usr/share/texmf-dist/tex/latex/beamer/beamerbaseoverlay.sty
\beamer@argscount=\count318
\beamer@lastskipcover=\skip52
\beamer@trivlistdepth=\count319
)
(/usr/share/texmf-dist/tex/latex/beamer/beamerbasetitle.sty)
(/usr/share/texmf-dist/tex/latex/beamer/beamerbasesection.sty
\c@lecture=\count320
\c@part=\count321
\c@section=\count322
\c@subsection=\count323
\c@subsubsection=\count324
)
(/usr/share/texmf-dist/tex/latex/beamer/beamerbaseframe.sty
\beamer@framebox=\box67
\beamer@frametitlebox=\box68
\beamer@zoombox=\box69
\beamer@zoomcount=\count325
\beamer@zoomframecount=\count326
\beamer@frametextheight=\dimen272
\c@subsectionslide=\count327
\beamer@frametopskip=\skip53
\beamer@framebottomskip=\skip54
\beamer@frametopskipautobreak=\skip55
\beamer@framebottomskipautobreak=\skip56
\beamer@envbody=\toks30
\framewidth=\dimen273
\c@framenumber=\count328
)
(/usr/share/texmf-dist/tex/latex/beamer/beamerbaseverbatim.sty
\beamer@verbatimfileout=\write4
)
(/usr/share/texmf-dist/tex/latex/beamer/beamerbaseframesize.sty
\beamer@splitbox=\box70
\beamer@autobreakcount=\count329
\beamer@autobreaklastheight=\dimen274
\beamer@frametitletoks=\toks31
\beamer@framesubtitletoks=\toks32
)
(/usr/share/texmf-dist/tex/latex/beamer/beamerbaseframecomponents.sty
\beamer@footins=\box71
)
(/usr/share/texmf-dist/tex/latex/beamer/beamerbasecolor.sty)
(/usr/share/texmf-dist/tex/latex/beamer/beamerbasenotes.sty
\beamer@frameboxcopy=\box72
)
(/usr/share/texmf-dist/tex/latex/beamer/beamerbasetoc.sty)
(/usr/share/texmf-dist/tex/latex/beamer/beamerbasetemplates.sty
\beamer@sbttoks=\toks33

(/usr/share/texmf-dist/tex/latex/beamer/beamerbaseauxtemplates.sty
(/usr/share/texmf-dist/tex/latex/beamer/beamerbaseboxes.sty
\bmb@box=\box73
\bmb@colorbox=\box74
\bmb@boxwidth=\dimen275
\bmb@boxheight=\dimen276
\bmb@prevheight=\dimen277
\bmb@temp=\dimen278
\bmb@dima=\dimen279
\bmb@dimb=\dimen280
\bmb@prevheight=\dimen281
)
\beamer@blockheadheight=\dimen282
))
(/usr/share/texmf-dist/tex/latex/beamer/beamerbaselocalstructure.sty
(/usr/share/texmf-dist/tex/latex/tools/enumerate.sty
Package: enumerate 2023/07/04 v3.00 enumerate extensions (DPC)
\@enLab=\toks34
)
\beamer@bibiconwidth=\skip57
\c@figure=\count330
\c@table=\count331
\abovecaptionskip=\skip58
\belowcaptionskip=\skip59
)
(/usr/share/texmf-dist/tex/latex/beamer/beamerbasenavigation.sty
(/usr/share/texmf-dist/tex/latex/beamer/beamerbasenavigationsymbols.tex)
\beamer@section@min@dim=\dimen283
)
(/usr/share/texmf-dist/tex/latex/beamer/beamerbasetheorems.sty
(/usr/share/texmf-dist/tex/latex/amsmath/amsmath.sty
Package: amsmath 2024/11/05 v2.17t AMS math features
\@mathmargin=\skip60

For additional information on amsmath, use the `?' option.
(/usr/share/texmf-dist/tex/latex/amsmath/amstext.sty
Package: amstext 2021/08/26 v2.01 AMS text

(/usr/share/texmf-dist/tex/latex/amsmath/amsgen.sty
File: amsgen.sty 1999/11/30 v2.0 generic functions
\@emptytoks=\toks35
\ex@=\dimen284
))
(/usr/share/texmf-dist/tex/latex/amsmath/amsbsy.sty
Package: amsbsy 1999/11/29 v1.2d Bold Symbols
\pmbraise@=\dimen285
)
(/usr/share/texmf-dist/tex/latex/amsmath/amsopn.sty
Package: amsopn 2022/04/08 v2.04 operator names
)
\inf@bad=\count332
LaTeX Info: Redefining \frac on input line 233.
\uproot@=\count333
\leftroot@=\count334
LaTeX Info: Redefining \overline on input line 398.
LaTeX Info: Redefining \colon on input line 409.
\classnum@=\count335
\DOTSCASE@=\count336
LaTeX Info: Redefining \ldots on input line 495.
LaTeX Info: Redefining \dots on input line 498.
LaTeX Info: Redefining \cdots on input line 619.
\Mathstrutbox@=\box75
\strutbox@=\box76
LaTeX Info: Redefining \big on input line 721.
LaTeX Info: Redefining \Big on input line 722.
LaTeX Info: Redefining \bigg on input line 723.
LaTeX Info: Redefining \Bigg on input line 724.
\big@size=\dimen286
LaTeX Font Info:    Redeclaring font encoding OML on input line 742.
LaTeX Font Info:    Redeclaring font encoding OMS on input line 743.
\macc@depth=\count337
LaTeX Info: Redefining \bmod on input line 904.
LaTeX Info: Redefining \pmod on input line 909.
LaTeX Info: Redefining \smash on input line 939.
LaTeX Info: Redefining \relbar on input line 969.
LaTeX Info: Redefining \Relbar on input line 970.
\c@MaxMatrixCols=\count338
\dotsspace@=\muskip18
\c@parentequation=\count339
\dspbrk@lvl=\count340
\tag@help=\toks36
\row@=\count341
\column@=\count342
\maxfields@=\count343
\andhelp@=\toks37
\eqnshift@=\dimen287
\alignsep@=\dimen288
\tagshift@=\dimen289
\tagwidth@=\dimen290
\totwidth@=\dimen291
\lineht@=\dimen292
\@envbody=\toks38
\multlinegap=\skip61
\multlinetaggap=\skip62
\mathdisplay@stack=\toks39
LaTeX Info: Redefining \[ on input line 2953.
LaTeX Info: Redefining \] on input line 2954.
)
(/usr/share/texmf-dist/tex/latex/amscls/amsthm.sty
Package: amsthm 2020/05/29 v2.20.6
\thm@style=\toks40
\thm@bodyfont=\toks41
\thm@headfont=\toks42
\thm@notefont=\toks43
\thm@headpunct=\toks44
\thm@preskip=\skip63
\thm@postskip=\skip64
\thm@headsep=\skip65
\dth@everypar=\toks45
)
\c@theorem=\count344
)
(/usr/share/texmf-dist/tex/latex/beamer/beamerbasethemes.sty))
(/usr/share/texmf-dist/tex/latex/beamer/beamerthemedefault.sty
(/usr/share/texmf-dist/tex/latex/beamer/beamerfontthemedefault.sty)
(/usr/share/texmf-dist/tex/latex/beamer/beamercolorthemedefault.sty)
(/usr/share/texmf-dist/tex/latex/beamer/beamerinnerthemedefault.sty
\beamer@dima=\dimen293
\beamer@dimb=\dimen294
)
(/usr/share/texmf-dist/tex/latex/beamer/beamerouterthemedefault.sty)))
(/usr/share/texmf-dist/tex/latex/beamertheme-metropolis/beamerthememetropolis.s
ty
Package: beamerthememetropolis 2017/01/23 v1.2 Metropolis Beamer theme
 (/usr/share/texmf-dist/tex/latex/pgfopts/pgfopts.sty
Package: pgfopts 2014/07/10 v2.1a LaTeX package options with pgfkeys
\pgfopts@list@add@a@toks=\toks46
\pgfopts@list@add@b@toks=\toks47
)
(/usr/share/texmf-dist/tex/latex/beamertheme-metropolis/beamerinnerthememetropo
lis.sty
Package: beamerinnerthememetropolis 2017/01/23 Metropolis inner theme
 (/usr/share/texmf-dist/tex/latex/tools/calc.sty
Package: calc 2023/07/08 v4.3 Infix arithmetic (KKT,FJ)
\calc@Acount=\count345
\calc@Bcount=\count346
\calc@Adimen=\dimen295
\calc@Bdimen=\dimen296
\calc@Askip=\skip66
\calc@Bskip=\skip67
LaTeX Info: Redefining \setlength on input line 80.
LaTeX Info: Redefining \addtolength on input line 81.
\calc@Ccount=\count347
\calc@Cskip=\skip68
)
(/usr/share/texmf-dist/tex/latex/pgf/frontendlayer/tikz.sty
(/usr/share/texmf-dist/tex/latex/pgf/basiclayer/pgf.sty
Package: pgf 2023-01-15 v3.1.10 (3.1.10)

(/usr/share/texmf-dist/tex/generic/pgf/modules/pgfmoduleshapes.code.tex
File: pgfmoduleshapes.code.tex 2023-01-15 v3.1.10 (3.1.10)
\pgfnodeparttextbox=\box77
)
(/usr/share/texmf-dist/tex/generic/pgf/modules/pgfmoduleplot.code.tex
File: pgfmoduleplot.code.tex 2023-01-15 v3.1.10 (3.1.10)
)
(/usr/share/texmf-dist/tex/latex/pgf/compatibility/pgfcomp-version-0-65.sty
Package: pgfcomp-version-0-65 2023-01-15 v3.1.10 (3.1.10)
\pgf@nodesepstart=\dimen297
\pgf@nodesepend=\dimen298
)
(/usr/share/texmf-dist/tex/latex/pgf/compatibility/pgfcomp-version-1-18.sty
Package: pgfcomp-version-1-18 2023-01-15 v3.1.10 (3.1.10)
))
(/usr/share/texmf-dist/tex/latex/pgf/utilities/pgffor.sty
(/usr/share/texmf-dist/tex/generic/pgf/utilities/pgffor.code.tex
Package: pgffor 2023-01-15 v3.1.10 (3.1.10)
\pgffor@iter=\dimen299
\pgffor@skip=\dimen300
\pgffor@stack=\toks48
\pgffor@toks=\toks49
))
(/usr/share/texmf-dist/tex/generic/pgf/frontendlayer/tikz/tikz.code.tex
Package: tikz 2023-01-15 v3.1.10 (3.1.10)

(/usr/share/texmf-dist/tex/generic/pgf/libraries/pgflibraryplothandlers.code.te
x
File: pgflibraryplothandlers.code.tex 2023-01-15 v3.1.10 (3.1.10)
\pgf@plot@mark@count=\count348
\pgfplotmarksize=\dimen301
)
\tikz@lastx=\dimen302
\tikz@lasty=\dimen303
\tikz@lastxsaved=\dimen304
\tikz@lastysaved=\dimen305
\tikz@lastmovetox=\dimen306
\tikz@lastmovetoy=\dimen307
\tikzleveldistance=\dimen308
\tikzsiblingdistance=\dimen309
\tikz@figbox=\box78
\tikz@figbox@bg=\box79
\tikz@tempbox=\box80
\tikz@tempbox@bg=\box81
\tikztreelevel=\count349
\tikznumberofchildren=\count350
\tikznumberofcurrentchild=\count351
\tikz@fig@count=\count352
 (/usr/share/texmf-dist/tex/generic/pgf/modules/pgfmodulematrix.code.tex
File: pgfmodulematrix.code.tex 2023-01-15 v3.1.10 (3.1.10)
\pgfmatrixcurrentrow=\count353
\pgfmatrixcurrentcolumn=\count354
\pgf@matrix@numberofcolumns=\count355
)
\tikz@expandcount=\count356

(/usr/share/texmf-dist/tex/generic/pgf/frontendlayer/tikz/libraries/tikzlibrary
topaths.code.tex
File: tikzlibrarytopaths.code.tex 2023-01-15 v3.1.10 (3.1.10)
)))
\metropolis@titleseparator@linewidth=\skip69
\metropolis@progressonsectionpage=\skip70
\metropolis@progressonsectionpage@linewidth=\skip71
\metropolis@blocksep=\skip72
\metropolis@blockadjust=\skip73
\metropolis@parskip=\skip74
)
(/usr/share/texmf-dist/tex/latex/beamertheme-metropolis/beamerouterthememetropo
lis.sty
Package: beamerouterthememetropolis 2017/01/23 Metropolis outer theme
\metropolis@frametitle@padding=\skip75
\metropolis@progressinheadfoot=\skip76
\metropolis@progressinheadfoot@linewidth=\skip77
)
(/usr/share/texmf-dist/tex/latex/beamertheme-metropolis/beamercolorthememetropo
lis.sty
Package: beamercolorthememetropolis 2017/01/23 Metropolis color theme
)
(/usr/share/texmf-dist/tex/latex/beamertheme-metropolis/beamerfontthememetropol
is.sty
Package: beamerfontthememetropolis 2017/01/23 Metropolis font theme
 (/usr/share/texmf-dist/tex/generic/iftex/ifxetex.sty
Package: ifxetex 2019/10/25 v0.7 ifxetex legacy package. Use iftex instead.
)
(/usr/share/texmf-dist/tex/generic/iftex/ifluatex.sty
Package: ifluatex 2019/10/25 v1.5 ifluatex legacy package. Use iftex instead.
)

Package beamerthememetropolis Warning: You need to compile with XeLaTeX or LuaL
aTeX to use the Fira fonts on input line 95.

)) (/usr/share/texmf-dist/tex/latex/base/inputenc.sty
Package: inputenc 2024/02/08 v1.3d Input encoding file
\inpenc@prehook=\toks50
\inpenc@posthook=\toks51
)
(/usr/share/texmf-dist/tex/generic/babel/babel.sty
Package: babel 2025/02/14 v25.4 The multilingual framework for pdfLaTeX, LuaLaT
eX and XeLaTeX
\babel@savecnt=\count357
\U@D=\dimen310
\l@unhyphenated=\language90

(/usr/share/texmf-dist/tex/generic/babel/txtbabel.def)
\bbl@readstream=\read3
LaTeX Info: Redefining \textlatin on input line 3835.
\bbl@dirlevel=\count358

(/usr/share/texmf-dist/tex/generic/babel-english/english.ldf
Language: english 2017/06/06 v3.3r English support from the babel system
Package babel Info: Hyphen rules for 'canadian' set to \l@english
(babel)             (\language0). Reported on input line 102.
Package babel Info: Hyphen rules for 'australian' set to \l@ukenglish
(babel)             (\language17). Reported on input line 105.
Package babel Info: Hyphen rules for 'newzealand' set to \l@ukenglish
(babel)             (\language17). Reported on input line 108.
))
(/usr/share/texmf-dist/tex/generic/babel/locale/en/babel-english.tex
Package babel Info: Importing font and identification data for english
(babel)             from babel-en.ini. Reported on input line 11.
)
(/usr/share/texmf-dist/tex/generic/pgf/libraries/pgflibraryarrows.meta.code.tex
File: pgflibraryarrows.meta.code.tex 2023-01-15 v3.1.10 (3.1.10)
\pgfarrowinset=\dimen311
\pgfarrowlength=\dimen312
\pgfarrowwidth=\dimen313
\pgfarrowlinewidth=\dimen314
)
(/usr/share/texmf-dist/tex/generic/pgf/frontendlayer/tikz/libraries/tikzlibrary
shapes.geometric.code.tex
File: tikzlibraryshapes.geometric.code.tex 2023-01-15 v3.1.10 (3.1.10)

(/usr/share/texmf-dist/tex/generic/pgf/libraries/shapes/pgflibraryshapes.geomet
ric.code.tex
File: pgflibraryshapes.geometric.code.tex 2023-01-15 v3.1.10 (3.1.10)
))
(/usr/share/texmf-dist/tex/generic/pgf/frontendlayer/tikz/libraries/tikzlibrary
positioning.code.tex
File: tikzlibrarypositioning.code.tex 2023-01-15 v3.1.10 (3.1.10)
)
(/usr/share/texmf-dist/tex/generic/pgf/frontendlayer/tikz/libraries/tikzlibrary
decorations.pathreplacing.code.tex
(/usr/share/texmf-dist/tex/generic/pgf/frontendlayer/tikz/libraries/tikzlibrary
decorations.code.tex
(/usr/share/texmf-dist/tex/generic/pgf/modules/pgfmoduledecorations.code.tex
\pgfdecoratedcompleteddistance=\dimen315
\pgfdecoratedremainingdistance=\dimen316
\pgfdecoratedinputsegmentcompleteddistance=\dimen317
\pgfdecoratedinputsegmentremainingdistance=\dimen318
\pgf@decorate@distancetomove=\dimen319
\pgf@decorate@repeatstate=\count359
\pgfdecorationsegmentamplitude=\dimen320
\pgfdecorationsegmentlength=\dimen321
)
\tikz@lib@dec@box=\box82
)
(/usr/share/texmf-dist/tex/generic/pgf/libraries/decorations/pgflibrarydecorati
ons.pathreplacing.code.tex))
(/usr/share/texmf-dist/tex/generic/pgf/frontendlayer/tikz/libraries/tikzlibrary
calc.code.tex
File: tikzlibrarycalc.code.tex 2023-01-15 v3.1.10 (3.1.10)
) (/usr/share/texmf-dist/tex/latex/pgfplots/pgfplots.sty
(/usr/share/texmf-dist/tex/generic/pgfplots/pgfplots.revision.tex)
Package: pgfplots 2021/05/15 v1.18.1 Data Visualization (1.18.1)

(/usr/share/texmf-dist/tex/generic/pgfplots/pgfplots.code.tex
(/usr/share/texmf-dist/tex/generic/pgfplots/pgfplotscore.code.tex
\t@pgfplots@toka=\toks52
\t@pgfplots@tokb=\toks53
\t@pgfplots@tokc=\toks54
\pgfplots@tmpa=\dimen322
\c@pgfplots@coordindex=\count360
\c@pgfplots@scanlineindex=\count361

(/usr/share/texmf-dist/tex/generic/pgfplots/sys/pgfplotssysgeneric.code.tex))
(/usr/share/texmf-dist/tex/generic/pgfplots/libs/pgfplotslibrary.code.tex)
(/usr/share/texmf-dist/tex/generic/pgfplots/oldpgfcompatib/pgfplotsoldpgfsupp_l
oader.code.tex
(/usr/share/texmf-dist/tex/generic/pgf/libraries/pgflibraryfpu.code.tex)
Package pgfplots: loading complementary utilities for your pgf version...
\t@pgf@toka=\toks55
\t@pgf@tokb=\toks56
\t@pgf@tokc=\toks57

(/usr/share/texmf-dist/tex/generic/pgfplots/oldpgfcompatib/pgfplotsoldpgfsupp_p
gfutil-common-lists.tex))
(/usr/share/texmf-dist/tex/generic/pgfplots/util/pgfplotsutil.code.tex
(/usr/share/texmf-dist/tex/generic/pgfplots/liststructure/pgfplotsliststructure
.code.tex)
(/usr/share/texmf-dist/tex/generic/pgfplots/liststructure/pgfplotsliststructure
ext.code.tex)
(/usr/share/texmf-dist/tex/generic/pgfplots/liststructure/pgfplotsarray.code.te
x
\c@pgfplotsarray@tmp=\count362
)
(/usr/share/texmf-dist/tex/generic/pgfplots/liststructure/pgfplotsmatrix.code.t
ex)
(/usr/share/texmf-dist/tex/generic/pgfplots/numtable/pgfplotstableshared.code.t
ex
\c@pgfplotstable@counta=\count363
\t@pgfplotstable@a=\toks58
)
(/usr/share/texmf-dist/tex/generic/pgfplots/liststructure/pgfplotsdeque.code.te
x) (/usr/share/texmf-dist/tex/generic/pgfplots/util/pgfplotsbinary.code.tex
(/usr/share/texmf-dist/tex/generic/pgfplots/util/pgfplotsbinary.data.code.tex))
(/usr/share/texmf-dist/tex/generic/pgfplots/util/pgfplotsutil.verb.code.tex)
(/usr/share/texmf-dist/tex/generic/pgfplots/libs/pgflibrarypgfplots.surfshading
.code.tex
\c@pgfplotslibrarysurf@no=\count364

(/usr/share/texmf-dist/tex/generic/pgfplots/sys/pgflibrarypgfplots.surfshading.
pgfsys-pdftex.def)))
(/usr/share/texmf-dist/tex/generic/pgfplots/util/pgfplotscolormap.code.tex
(/usr/share/texmf-dist/tex/generic/pgfplots/util/pgfplotscolor.code.tex))
(/usr/share/texmf-dist/tex/generic/pgfplots/pgfplotsstackedplots.code.tex)
(/usr/share/texmf-dist/tex/generic/pgfplots/pgfplotsplothandlers.code.tex
(/usr/share/texmf-dist/tex/generic/pgfplots/pgfplotsmeshplothandler.code.tex
(/usr/share/texmf-dist/tex/generic/pgfplots/pgfplotsmeshplotimage.code.tex)))
(/usr/share/texmf-dist/tex/generic/pgfplots/pgfplots.scaling.code.tex)
(/usr/share/texmf-dist/tex/generic/pgfplots/pgfplotscoordprocessing.code.tex)
(/usr/share/texmf-dist/tex/generic/pgfplots/pgfplots.errorbars.code.tex)
(/usr/share/texmf-dist/tex/generic/pgfplots/pgfplots.markers.code.tex)
(/usr/share/texmf-dist/tex/generic/pgfplots/pgfplotsticks.code.tex)
(/usr/share/texmf-dist/tex/generic/pgfplots/pgfplots.paths.code.tex)
(/usr/share/texmf-dist/tex/generic/pgf/frontendlayer/tikz/libraries/tikzlibrary
decorations.pathmorphing.code.tex
(/usr/share/texmf-dist/tex/generic/pgf/libraries/decorations/pgflibrarydecorati
ons.pathmorphing.code.tex))
(/usr/share/texmf-dist/tex/generic/pgfplots/libs/tikzlibrarypgfplots.contourlua
.code.tex)
\pgfplots@numplots=\count365
\pgfplots@xmin@reg=\dimen323
\pgfplots@xmax@reg=\dimen324
\pgfplots@ymin@reg=\dimen325
\pgfplots@ymax@reg=\dimen326
\pgfplots@zmin@reg=\dimen327
\pgfplots@zmax@reg=\dimen328
)
(/usr/share/texmf-dist/tex/generic/pgf/frontendlayer/tikz/libraries/tikzlibrary
plotmarks.code.tex
File: tikzlibraryplotmarks.code.tex 2023-01-15 v3.1.10 (3.1.10)

(/usr/share/texmf-dist/tex/generic/pgf/libraries/pgflibraryplotmarks.code.tex
File: pgflibraryplotmarks.code.tex 2023-01-15 v3.1.10 (3.1.10)
))) (/usr/share/texmf-dist/tex/latex/booktabs/booktabs.sty
Package: booktabs 2020/01/12 v1.61803398 Publication quality tables
\heavyrulewidth=\dimen329
\lightrulewidth=\dimen330
\cmidrulewidth=\dimen331
\belowrulesep=\dimen332
\belowbottomsep=\dimen333
\aboverulesep=\dimen334
\abovetopsep=\dimen335
\cmidrulesep=\dimen336
\cmidrulekern=\dimen337
\defaultaddspace=\dimen338
\@cmidla=\count366
\@cmidlb=\count367
\@aboverulesep=\dimen339
\@belowrulesep=\dimen340
\@thisruleclass=\count368
\@lastruleclass=\count369
\@thisrulewidth=\dimen341
)
(/usr/share/texmf-dist/tex/latex/animate/animate.sty
Package: animate 2024/10/14 PDF & SVG animations from files and inline graphics


(/usr/share/texmf-dist/tex/latex/base/ifthen.sty
Package: ifthen 2024/03/16 v1.1e Standard LaTeX ifthen package (DPC)
)
(/usr/share/texmf-dist/tex/latex/oberdiek/ifdraft.sty
Package: ifdraft 2016/05/16 v1.4 Detect class options draft and final (HO)
)
(/usr/share/texmf-dist/tex/latex/media9/pdfbase.sty
Package: pdfbase 2024/09/16 v0.59 driver independent access to low-level PDF fe
atures

(/usr/share/texmf-dist/tex/latex/l3backend/l3backend-pdftex.def
File: l3backend-pdftex.def 2024-05-08 L3 backend support: PDF output (pdfTeX)
\l__color_backend_stack_int=\count370
\l__pdf_internal_box=\box83
)
\g_pbs_page_int=\count371
\g_pbs_oc_int=\count372
)
(/usr/share/texmf-dist/tex/latex/zref/zref-abspage.sty
Package: zref-abspage 2023-09-14 v2.35 Module abspage for zref (HO)

(/usr/share/texmf-dist/tex/latex/zref/zref-base.sty
Package: zref-base 2023-09-14 v2.35 Module base for zref (HO)

(/usr/share/texmf-dist/tex/generic/etexcmds/etexcmds.sty
Package: etexcmds 2019/12/15 v1.7 Avoid name clashes with e-TeX commands (HO)
)
(/usr/share/texmf-dist/tex/latex/auxhook/auxhook.sty
Package: auxhook 2019-12-17 v1.6 Hooks for auxiliary files (HO)
)
Package zref Info: New property list: main on input line 767.
Package zref Info: New property: default on input line 768.
Package zref Info: New property: page on input line 769.
)
\c@abspage=\count373
Package zref Info: New property: abspage on input line 67.
)
(/usr/share/texmf-dist/tex/latex/ocgx2/ocgbase.sty
Package: ocgbase 2024/09/15 v0.24 support package for ocgx2.sty
)
\@anim@box=\box84
\@anim@measbox=\box85
\@anim@tmpdima=\dimen342
\@anim@tmpdimb=\dimen343
\@anim@num=\count374
\@anim@curframe=\count375
\@anim@curframe@zb=\count376
\@anim@resizeflags=\count377
\@anim@skipfram=\count378
\@anim@mulframecnt=\count379
\@anim@@tmlnfile=\read4
\@anim@tmpcnt=\count380
\c@@anim@ltxcnt=\count381
\@anim@curlayer=\count382
\@anim@lineno=\count383
\@anim@curfield=\count384
\@anim@@resizeflags=\count385
)
(/usr/share/texmf-dist/tex/latex/beamer/multimedia.sty
Package: multimedia 2012/05/02 ver 0.02

(/usr/share/texmf-dist/tex/generic/iftex/ifpdf.sty
Package: ifpdf 2019/10/25 v3.4 ifpdf legacy package. Use iftex instead.
)
\mm@movie=\count386
)
(/usr/share/texmf-dist/tex/latex/beamertheme-metropolis/pgfplotsthemetol.sty
Package: pgfplotsthemetol 2017/01/23 PGFplots colors based on Paul Tol's SRON t
echnical note
)
(./main.aux)
\openout1 = `main.aux'.

LaTeX Font Info:    Checking defaults for OML/cmm/m/it on input line 34.
LaTeX Font Info:    ... okay on input line 34.
LaTeX Font Info:    Checking defaults for OMS/cmsy/m/n on input line 34.
LaTeX Font Info:    ... okay on input line 34.
LaTeX Font Info:    Checking defaults for OT1/cmr/m/n on input line 34.
LaTeX Font Info:    ... okay on input line 34.
LaTeX Font Info:    Checking defaults for T1/cmr/m/n on input line 34.
LaTeX Font Info:    ... okay on input line 34.
LaTeX Font Info:    Checking defaults for TS1/cmr/m/n on input line 34.
LaTeX Font Info:    ... okay on input line 34.
LaTeX Font Info:    Checking defaults for OMX/cmex/m/n on input line 34.
LaTeX Font Info:    ... okay on input line 34.
LaTeX Font Info:    Checking defaults for U/cmr/m/n on input line 34.
LaTeX Font Info:    ... okay on input line 34.
LaTeX Font Info:    Checking defaults for PD1/pdf/m/n on input line 34.
LaTeX Font Info:    ... okay on input line 34.
LaTeX Font Info:    Checking defaults for PU/pdf/m/n on input line 34.
LaTeX Font Info:    ... okay on input line 34.

*geometry* driver: auto-detecting
*geometry* detected driver: pdftex
*geometry* verbose mode - [ preamble ] result:
* driver: pdftex
* paper: custom
* layout: <same size as paper>
* layoutoffset:(h,v)=(0.0pt,0.0pt)
* modes: includehead includefoot 
* h-part:(L,W,R)=(28.45274pt, 398.3386pt, 28.45274pt)
* v-part:(T,H,B)=(0.0pt, 256.0748pt, 0.0pt)
* \paperwidth=455.24408pt
* \paperheight=256.0748pt
* \textwidth=398.3386pt
* \textheight=227.62207pt
* \oddsidemargin=-43.81725pt
* \evensidemargin=-43.81725pt
* \topmargin=-72.26999pt
* \headheight=14.22636pt
* \headsep=0.0pt
* \topskip=10.0pt
* \footskip=14.22636pt
* \marginparwidth=3.0pt
* \marginparsep=11.0pt
* \columnsep=10.0pt
* \skip\footins=9.0pt plus 4.0pt minus 2.0pt
* \hoffset=0.0pt
* \voffset=0.0pt
* \mag=1000
* \@twocolumnfalse
* \@twosidefalse
* \@mparswitchfalse
* \@reversemarginfalse
* (1in=72.27pt=25.4mm, 1cm=28.453pt)

(/usr/share/texmf-dist/tex/context/base/mkii/supp-pdf.mkii
[Loading MPS to PDF converter (version 2006.09.02).]
\scratchcounter=\count387
\scratchdimen=\dimen344
\scratchbox=\box86
\nofMPsegments=\count388
\nofMParguments=\count389
\everyMPshowfont=\toks59
\MPscratchCnt=\count390
\MPscratchDim=\dimen345
\MPnumerator=\count391
\makeMPintoPDFobject=\count392
\everyMPtoPDFconversion=\toks60
) (/usr/share/texmf-dist/tex/latex/epstopdf-pkg/epstopdf-base.sty
Package: epstopdf-base 2020-01-24 v2.11 Base part for package epstopdf
Package epstopdf-base Info: Redefining graphics rule for `.eps' on input line 4
85.

(/usr/share/texmf-dist/tex/latex/latexconfig/epstopdf-sys.cfg
File: epstopdf-sys.cfg 2010/07/13 v1.3 Configuration of (r)epstopdf for TeX Liv
e
))
Package hyperref Info: Link coloring OFF on input line 34.
 (./main.out)
(./main.out)
\@outlinefile=\write5
\openout5 = `main.out'.

LaTeX Font Info:    Overwriting symbol font `operators' in version `normal'
(Font)                  OT1/cmr/m/n --> OT1/cmss/m/n on input line 34.
LaTeX Font Info:    Overwriting symbol font `operators' in version `bold'
(Font)                  OT1/cmr/bx/n --> OT1/cmss/b/n on input line 34.
\symnumbers=\mathgroup6
\sympureletters=\mathgroup7
LaTeX Font Info:    Overwriting math alphabet `\mathrm' in version `normal'
(Font)                  OT1/cmss/m/n --> OT1/cmr/m/n on input line 34.
LaTeX Font Info:    Redeclaring math alphabet \mathbf on input line 34.
LaTeX Font Info:    Overwriting math alphabet `\mathbf' in version `normal'
(Font)                  OT1/cmr/bx/n --> OT1/cmss/b/n on input line 34.
LaTeX Font Info:    Overwriting math alphabet `\mathbf' in version `bold'
(Font)                  OT1/cmr/bx/n --> OT1/cmss/b/n on input line 34.
LaTeX Font Info:    Redeclaring math alphabet \mathsf on input line 34.
LaTeX Font Info:    Overwriting math alphabet `\mathsf' in version `normal'
(Font)                  OT1/cmss/m/n --> OT1/cmss/m/n on input line 34.
LaTeX Font Info:    Overwriting math alphabet `\mathsf' in version `bold'
(Font)                  OT1/cmss/bx/n --> OT1/cmss/m/n on input line 34.
LaTeX Font Info:    Redeclaring math alphabet \mathit on input line 34.
LaTeX Font Info:    Overwriting math alphabet `\mathit' in version `normal'
(Font)                  OT1/cmr/m/it --> OT1/cmss/m/it on input line 34.
LaTeX Font Info:    Overwriting math alphabet `\mathit' in version `bold'
(Font)                  OT1/cmr/bx/it --> OT1/cmss/m/it on input line 34.
LaTeX Font Info:    Redeclaring math alphabet \mathtt on input line 34.
LaTeX Font Info:    Overwriting math alphabet `\mathtt' in version `normal'
(Font)                  OT1/cmtt/m/n --> OT1/cmtt/m/n on input line 34.
LaTeX Font Info:    Overwriting math alphabet `\mathtt' in version `bold'
(Font)                  OT1/cmtt/m/n --> OT1/cmtt/m/n on input line 34.
LaTeX Font Info:    Overwriting symbol font `numbers' in version `bold'
(Font)                  OT1/cmss/m/n --> OT1/cmss/b/n on input line 34.
LaTeX Font Info:    Overwriting symbol font `pureletters' in version `bold'
(Font)                  OT1/cmss/m/it --> OT1/cmss/b/it on input line 34.
LaTeX Font Info:    Overwriting math alphabet `\mathrm' in version `bold'
(Font)                  OT1/cmss/b/n --> OT1/cmr/b/n on input line 34.
LaTeX Font Info:    Overwriting math alphabet `\mathbf' in version `bold'
(Font)                  OT1/cmss/b/n --> OT1/cmss/b/n on input line 34.
LaTeX Font Info:    Overwriting math alphabet `\mathsf' in version `bold'
(Font)                  OT1/cmss/m/n --> OT1/cmss/b/n on input line 34.
LaTeX Font Info:    Overwriting math alphabet `\mathit' in version `bold'
(Font)                  OT1/cmss/m/it --> OT1/cmss/b/it on input line 34.
LaTeX Font Info:    Overwriting math alphabet `\mathtt' in version `bold'
(Font)                  OT1/cmtt/m/n --> OT1/cmtt/b/n on input line 34.

(/usr/share/texmf-dist/tex/latex/translator/translator-basic-dictionary-English
.dict
Dictionary: translator-basic-dictionary, Language: English 
)
(/usr/share/texmf-dist/tex/latex/translator/translator-bibliography-dictionary-
English.dict
Dictionary: translator-bibliography-dictionary, Language: English 
)
(/usr/share/texmf-dist/tex/latex/translator/translator-environment-dictionary-E
nglish.dict
Dictionary: translator-environment-dictionary, Language: English 
)
(/usr/share/texmf-dist/tex/latex/translator/translator-months-dictionary-Englis
h.dict
Dictionary: translator-months-dictionary, Language: English 
)
(/usr/share/texmf-dist/tex/latex/translator/translator-numbers-dictionary-Engli
sh.dict
Dictionary: translator-numbers-dictionary, Language: English 
)
(/usr/share/texmf-dist/tex/latex/translator/translator-theorem-dictionary-Engli
sh.dict
Dictionary: translator-theorem-dictionary, Language: English 
)
Package pgfplots notification 'compat/show suggested version=true': you might b
enefit from \pgfplotsset{compat=1.18} (current compat level: 1.9).

(./main.nav)
Overfull \vbox (39.39362pt too high) detected at line 41
 []



[1

{/var/lib/texmf/fonts/map/pdftex/updmap/pdftex.map}]
LaTeX Font Info:    Trying to load font information for U+msa on input line 100
.

(/usr/share/texmf-dist/tex/latex/amsfonts/umsa.fd
File: umsa.fd 2013/01/14 v3.01 AMS symbols A
)
LaTeX Font Info:    Trying to load font information for U+msb on input line 100
.

(/usr/share/texmf-dist/tex/latex/amsfonts/umsb.fd
File: umsb.fd 2013/01/14 v3.01 AMS symbols B
)

[2

{/usr/share/texmf-dist/fonts/enc/dvips/cm-super/cm-super-ts1.enc}]

[3

]
<images/gifs/compare_frames/frame-000.png, id=45, 803.0pt x 271.0125pt>
File: images/gifs/compare_frames/frame-000.png Graphic file (type png)
<use images/gifs/compare_frames/frame-000.png>
Package pdftex.def Info: images/gifs/compare_frames/frame-000.png  used on inpu
t line 190.
(pdftex.def)             Requested size: 802.99805pt x 271.01183pt.
 <./images/gifs/compare_frames/frame-000.png> <a0,fr0>
<images/gifs/compare_frames/frame-001.png, id=49, 803.0pt x 271.0125pt>
File: images/gifs/compare_frames/frame-001.png Graphic file (type png)
<use images/gifs/compare_frames/frame-001.png>
Package pdftex.def Info: images/gifs/compare_frames/frame-001.png  used on inpu
t line 190.
(pdftex.def)             Requested size: 802.99805pt x 271.01183pt.
 <./images/gifs/compare_frames/frame-001.png> <a0,fr1>
<images/gifs/compare_frames/frame-002.png, id=53, 803.0pt x 271.0125pt>
File: images/gifs/compare_frames/frame-002.png Graphic file (type png)
<use images/gifs/compare_frames/frame-002.png>
Package pdftex.def Info: images/gifs/compare_frames/frame-002.png  used on inpu
t line 190.
(pdftex.def)             Requested size: 802.99805pt x 271.01183pt.
 <./images/gifs/compare_frames/frame-002.png>
<a0,fr2>
<images/gifs/compare_frames/frame-003.png, id=57, 803.0pt x 271.0125pt>
File: images/gifs/compare_frames/frame-003.png Graphic file (type png)
<use images/gifs/compare_frames/frame-003.png>
Package pdftex.def Info: images/gifs/compare_frames/frame-003.png  used on inpu
t line 190.
(pdftex.def)             Requested size: 802.99805pt x 271.01183pt.
 <./images/gifs/compare_frames/frame-003.png> <a0,fr3>
<images/gifs/compare_frames/frame-004.png, id=61, 803.0pt x 271.0125pt>
File: images/gifs/compare_frames/frame-004.png Graphic file (type png)
<use images/gifs/compare_frames/frame-004.png>
Package pdftex.def Info: images/gifs/compare_frames/frame-004.png  used on inpu
t line 190.
(pdftex.def)             Requested size: 802.99805pt x 271.01183pt.
 <./images/gifs/compare_frames/frame-004.png> <a0,fr4>
<images/gifs/compare_frames/frame-005.png, id=65, 803.0pt x 271.0125pt>
File: images/gifs/compare_frames/frame-005.png Graphic file (type png)
<use images/gifs/compare_frames/frame-005.png>
Package pdftex.def Info: images/gifs/compare_frames/frame-005.png  used on inpu
t line 190.
(pdftex.def)             Requested size: 802.99805pt x 271.01183pt.
 <./images/gifs/compare_frames/frame-005.png> <a0,fr5>
<images/gifs/compare_frames/frame-006.png, id=69, 803.0pt x 271.0125pt>
File: images/gifs/compare_frames/frame-006.png Graphic file (type png)
<use images/gifs/compare_frames/frame-006.png>
Package pdftex.def Info: images/gifs/compare_frames/frame-006.png  used on inpu
t line 190.
(pdftex.def)             Requested size: 802.99805pt x 271.01183pt.
 <./images/gifs/compare_frames/frame-006.png> <a0,fr6>
<images/gifs/compare_frames/frame-007.png, id=73, 803.0pt x 271.0125pt>
File: images/gifs/compare_frames/frame-007.png Graphic file (type png)
<use images/gifs/compare_frames/frame-007.png>
Package pdftex.def Info: images/gifs/compare_frames/frame-007.png  used on inpu
t line 190.
(pdftex.def)             Requested size: 802.99805pt x 271.01183pt.
 <./images/gifs/compare_frames/frame-007.png> <a0,fr7>
<images/gifs/compare_frames/frame-008.png, id=77, 803.0pt x 271.0125pt>
File: images/gifs/compare_frames/frame-008.png Graphic file (type png)
<use images/gifs/compare_frames/frame-008.png>
Package pdftex.def Info: images/gifs/compare_frames/frame-008.png  used on inpu
t line 190.
(pdftex.def)             Requested size: 802.99805pt x 271.01183pt.
 <./images/gifs/compare_frames/frame-008.png> <a0,fr8>
<images/gifs/compare_frames/frame-009.png, id=81, 803.0pt x 271.0125pt>
File: images/gifs/compare_frames/frame-009.png Graphic file (type png)
<use images/gifs/compare_frames/frame-009.png>
Package pdftex.def Info: images/gifs/compare_frames/frame-009.png  used on inpu
t line 190.
(pdftex.def)             Requested size: 802.99805pt x 271.01183pt.
 <./images/gifs/compare_frames/frame-009.png> <a0,fr9>
<images/gifs/compare_frames/frame-010.png, id=85, 803.0pt x 271.0125pt>
File: images/gifs/compare_frames/frame-010.png Graphic file (type png)
<use images/gifs/compare_frames/frame-010.png>
Package pdftex.def Info: images/gifs/compare_frames/frame-010.png  used on inpu
t line 190.
(pdftex.def)             Requested size: 802.99805pt x 271.01183pt.
 <./images/gifs/compare_frames/frame-010.png> <a0,fr10>
<images/gifs/compare_frames/frame-011.png, id=89, 803.0pt x 271.0125pt>
File: images/gifs/compare_frames/frame-011.png Graphic file (type png)
<use images/gifs/compare_frames/frame-011.png>
Package pdftex.def Info: images/gifs/compare_frames/frame-011.png  used on inpu
t line 190.
(pdftex.def)             Requested size: 802.99805pt x 271.01183pt.
 <./images/gifs/compare_frames/frame-011.png> <a0,fr11>
<images/gifs/compare_frames/frame-012.png, id=93, 803.0pt x 271.0125pt>
File: images/gifs/compare_frames/frame-012.png Graphic file (type png)
<use images/gifs/compare_frames/frame-012.png>
Package pdftex.def Info: images/gifs/compare_frames/frame-012.png  used on inpu
t line 190.
(pdftex.def)             Requested size: 802.99805pt x 271.01183pt.
 <./images/gifs/compare_frames/frame-012.png> <a0,fr12>
<images/gifs/compare_frames/frame-013.png, id=97, 803.0pt x 271.0125pt>
File: images/gifs/compare_frames/frame-013.png Graphic file (type png)
<use images/gifs/compare_frames/frame-013.png>
Package pdftex.def Info: images/gifs/compare_frames/frame-013.png  used on inpu
t line 190.
(pdftex.def)             Requested size: 802.99805pt x 271.01183pt.
 <./images/gifs/compare_frames/frame-013.png> <a0,fr13>
<images/gifs/compare_frames/frame-014.png, id=101, 803.0pt x 271.0125pt>
File: images/gifs/compare_frames/frame-014.png Graphic file (type png)
<use images/gifs/compare_frames/frame-014.png>
Package pdftex.def Info: images/gifs/compare_frames/frame-014.png  used on inpu
t line 190.
(pdftex.def)             Requested size: 802.99805pt x 271.01183pt.
 <./images/gifs/compare_frames/frame-014.png> <a0,fr14>
<images/gifs/compare_frames/frame-015.png, id=105, 803.0pt x 271.0125pt>
File: images/gifs/compare_frames/frame-015.png Graphic file (type png)
<use images/gifs/compare_frames/frame-015.png>
Package pdftex.def Info: images/gifs/compare_frames/frame-015.png  used on inpu
t line 190.
(pdftex.def)             Requested size: 802.99805pt x 271.01183pt.
 <./images/gifs/compare_frames/frame-015.png>
<a0,fr15>
<images/gifs/compare_frames/frame-016.png, id=109, 803.0pt x 271.0125pt>
File: images/gifs/compare_frames/frame-016.png Graphic file (type png)
<use images/gifs/compare_frames/frame-016.png>
Package pdftex.def Info: images/gifs/compare_frames/frame-016.png  used on inpu
t line 190.
(pdftex.def)             Requested size: 802.99805pt x 271.01183pt.
 <./images/gifs/compare_frames/frame-016.png> <a0,fr16>
<images/gifs/compare_frames/frame-017.png, id=113, 803.0pt x 271.0125pt>
File: images/gifs/compare_frames/frame-017.png Graphic file (type png)
<use images/gifs/compare_frames/frame-017.png>
Package pdftex.def Info: images/gifs/compare_frames/frame-017.png  used on inpu
t line 190.
(pdftex.def)             Requested size: 802.99805pt x 271.01183pt.
 <./images/gifs/compare_frames/frame-017.png> <a0,fr17>
<images/gifs/compare_frames/frame-018.png, id=117, 803.0pt x 271.0125pt>
File: images/gifs/compare_frames/frame-018.png Graphic file (type png)
<use images/gifs/compare_frames/frame-018.png>
Package pdftex.def Info: images/gifs/compare_frames/frame-018.png  used on inpu
t line 190.
(pdftex.def)             Requested size: 802.99805pt x 271.01183pt.
 <./images/gifs/compare_frames/frame-018.png> <a0,fr18>
<images/gifs/compare_frames/frame-019.png, id=121, 803.0pt x 271.0125pt>
File: images/gifs/compare_frames/frame-019.png Graphic file (type png)
<use images/gifs/compare_frames/frame-019.png>
Package pdftex.def Info: images/gifs/compare_frames/frame-019.png  used on inpu
t line 190.
(pdftex.def)             Requested size: 802.99805pt x 271.01183pt.
 <./images/gifs/compare_frames/frame-019.png> <a0,fr19>
<images/gifs/compare_frames/frame-020.png, id=125, 803.0pt x 271.0125pt>
File: images/gifs/compare_frames/frame-020.png Graphic file (type png)
<use images/gifs/compare_frames/frame-020.png>
Package pdftex.def Info: images/gifs/compare_frames/frame-020.png  used on inpu
t line 190.
(pdftex.def)             Requested size: 802.99805pt x 271.01183pt.
 <./images/gifs/compare_frames/frame-020.png> <a0,fr20>
<images/gifs/compare_frames/frame-021.png, id=129, 803.0pt x 271.0125pt>
File: images/gifs/compare_frames/frame-021.png Graphic file (type png)
<use images/gifs/compare_frames/frame-021.png>
Package pdftex.def Info: images/gifs/compare_frames/frame-021.png  used on inpu
t line 190.
(pdftex.def)             Requested size: 802.99805pt x 271.01183pt.
 <./images/gifs/compare_frames/frame-021.png> <a0,fr21>
<images/gifs/compare_frames/frame-022.png, id=133, 803.0pt x 271.0125pt>
File: images/gifs/compare_frames/frame-022.png Graphic file (type png)
<use images/gifs/compare_frames/frame-022.png>
Package pdftex.def Info: images/gifs/compare_frames/frame-022.png  used on inpu
t line 190.
(pdftex.def)             Requested size: 802.99805pt x 271.01183pt.
 <./images/gifs/compare_frames/frame-022.png> <a0,fr22>
<images/gifs/compare_frames/frame-023.png, id=137, 803.0pt x 271.0125pt>
File: images/gifs/compare_frames/frame-023.png Graphic file (type png)
<use images/gifs/compare_frames/frame-023.png>
Package pdftex.def Info: images/gifs/compare_frames/frame-023.png  used on inpu
t line 190.
(pdftex.def)             Requested size: 802.99805pt x 271.01183pt.
 <./images/gifs/compare_frames/frame-023.png> <a0,fr23>
<images/gifs/compare_frames/frame-024.png, id=141, 803.0pt x 271.0125pt>
File: images/gifs/compare_frames/frame-024.png Graphic file (type png)
<use images/gifs/compare_frames/frame-024.png>
Package pdftex.def Info: images/gifs/compare_frames/frame-024.png  used on inpu
t line 190.
(pdftex.def)             Requested size: 802.99805pt x 271.01183pt.
 <./images/gifs/compare_frames/frame-024.png> <a0,fr24>
<images/gifs/compare_frames/frame-025.png, id=145, 803.0pt x 271.0125pt>
File: images/gifs/compare_frames/frame-025.png Graphic file (type png)
<use images/gifs/compare_frames/frame-025.png>
Package pdftex.def Info: images/gifs/compare_frames/frame-025.png  used on inpu
t line 190.
(pdftex.def)             Requested size: 802.99805pt x 271.01183pt.
 <./images/gifs/compare_frames/frame-025.png>
<a0,fr25>
<images/gifs/compare_frames/frame-026.png, id=149, 803.0pt x 271.0125pt>
File: images/gifs/compare_frames/frame-026.png Graphic file (type png)
<use images/gifs/compare_frames/frame-026.png>
Package pdftex.def Info: images/gifs/compare_frames/frame-026.png  used on inpu
t line 190.
(pdftex.def)             Requested size: 802.99805pt x 271.01183pt.
 <./images/gifs/compare_frames/frame-026.png> <a0,fr26>
<images/gifs/compare_frames/frame-027.png, id=153, 803.0pt x 271.0125pt>
File: images/gifs/compare_frames/frame-027.png Graphic file (type png)
<use images/gifs/compare_frames/frame-027.png>
Package pdftex.def Info: images/gifs/compare_frames/frame-027.png  used on inpu
t line 190.
(pdftex.def)             Requested size: 802.99805pt x 271.01183pt.
 <./images/gifs/compare_frames/frame-027.png> <a0,fr27>
<images/gifs/compare_frames/frame-028.png, id=157, 803.0pt x 271.0125pt>
File: images/gifs/compare_frames/frame-028.png Graphic file (type png)
<use images/gifs/compare_frames/frame-028.png>
Package pdftex.def Info: images/gifs/compare_frames/frame-028.png  used on inpu
t line 190.
(pdftex.def)             Requested size: 802.99805pt x 271.01183pt.
 <./images/gifs/compare_frames/frame-028.png> <a0,fr28>
<images/gifs/compare_frames/frame-029.png, id=161, 803.0pt x 271.0125pt>
File: images/gifs/compare_frames/frame-029.png Graphic file (type png)
<use images/gifs/compare_frames/frame-029.png>
Package pdftex.def Info: images/gifs/compare_frames/frame-029.png  used on inpu
t line 190.
(pdftex.def)             Requested size: 802.99805pt x 271.01183pt.
 <./images/gifs/compare_frames/frame-029.png> <a0,fr29>
<images/gifs/compare_frames/frame-030.png, id=165, 803.0pt x 271.0125pt>
File: images/gifs/compare_frames/frame-030.png Graphic file (type png)
<use images/gifs/compare_frames/frame-030.png>
Package pdftex.def Info: images/gifs/compare_frames/frame-030.png  used on inpu
t line 190.
(pdftex.def)             Requested size: 802.99805pt x 271.01183pt.
 <./images/gifs/compare_frames/frame-030.png> <a0,fr30>
<images/gifs/compare_frames/frame-031.png, id=169, 803.0pt x 271.0125pt>
File: images/gifs/compare_frames/frame-031.png Graphic file (type png)
<use images/gifs/compare_frames/frame-031.png>
Package pdftex.def Info: images/gifs/compare_frames/frame-031.png  used on inpu
t line 190.
(pdftex.def)             Requested size: 802.99805pt x 271.01183pt.
 <./images/gifs/compare_frames/frame-031.png> <a0,fr31>
<images/gifs/compare_frames/frame-032.png, id=173, 803.0pt x 271.0125pt>
File: images/gifs/compare_frames/frame-032.png Graphic file (type png)
<use images/gifs/compare_frames/frame-032.png>
Package pdftex.def Info: images/gifs/compare_frames/frame-032.png  used on inpu
t line 190.
(pdftex.def)             Requested size: 802.99805pt x 271.01183pt.
 <./images/gifs/compare_frames/frame-032.png> <a0,fr32>
<images/gifs/compare_frames/frame-033.png, id=177, 803.0pt x 271.0125pt>
File: images/gifs/compare_frames/frame-033.png Graphic file (type png)
<use images/gifs/compare_frames/frame-033.png>
Package pdftex.def Info: images/gifs/compare_frames/frame-033.png  used on inpu
t line 190.
(pdftex.def)             Requested size: 802.99805pt x 271.01183pt.
 <./images/gifs/compare_frames/frame-033.png> <a0,fr33>
<images/gifs/compare_frames/frame-034.png, id=181, 803.0pt x 271.0125pt>
File: images/gifs/compare_frames/frame-034.png Graphic file (type png)
<use images/gifs/compare_frames/frame-034.png>
Package pdftex.def Info: images/gifs/compare_frames/frame-034.png  used on inpu
t line 190.
(pdftex.def)             Requested size: 802.99805pt x 271.01183pt.
 <./images/gifs/compare_frames/frame-034.png> <a0,fr34>
<images/gifs/compare_frames/frame-035.png, id=185, 803.0pt x 271.0125pt>
File: images/gifs/compare_frames/frame-035.png Graphic file (type png)
<use images/gifs/compare_frames/frame-035.png>
Package pdftex.def Info: images/gifs/compare_frames/frame-035.png  used on inpu
t line 190.
(pdftex.def)             Requested size: 802.99805pt x 271.01183pt.
 <./images/gifs/compare_frames/frame-035.png>
<a0,fr35>
<images/gifs/compare_frames/frame-036.png, id=189, 803.0pt x 271.0125pt>
File: images/gifs/compare_frames/frame-036.png Graphic file (type png)
<use images/gifs/compare_frames/frame-036.png>
Package pdftex.def Info: images/gifs/compare_frames/frame-036.png  used on inpu
t line 190.
(pdftex.def)             Requested size: 802.99805pt x 271.01183pt.
 <./images/gifs/compare_frames/frame-036.png> <a0,fr36>
<images/gifs/compare_frames/frame-037.png, id=193, 803.0pt x 271.0125pt>
File: images/gifs/compare_frames/frame-037.png Graphic file (type png)
<use images/gifs/compare_frames/frame-037.png>
Package pdftex.def Info: images/gifs/compare_frames/frame-037.png  used on inpu
t line 190.
(pdftex.def)             Requested size: 802.99805pt x 271.01183pt.
 <./images/gifs/compare_frames/frame-037.png> <a0,fr37>
<images/gifs/compare_frames/frame-038.png, id=197, 803.0pt x 271.0125pt>
File: images/gifs/compare_frames/frame-038.png Graphic file (type png)
<use images/gifs/compare_frames/frame-038.png>
Package pdftex.def Info: images/gifs/compare_frames/frame-038.png  used on inpu
t line 190.
(pdftex.def)             Requested size: 802.99805pt x 271.01183pt.
 <./images/gifs/compare_frames/frame-038.png> <a0,fr38>
<images/gifs/compare_frames/frame-039.png, id=201, 803.0pt x 271.0125pt>
File: images/gifs/compare_frames/frame-039.png Graphic file (type png)
<use images/gifs/compare_frames/frame-039.png>
Package pdftex.def Info: images/gifs/compare_frames/frame-039.png  used on inpu
t line 190.
(pdftex.def)             Requested size: 802.99805pt x 271.01183pt.
 <./images/gifs/compare_frames/frame-039.png> <a0,fr39>
<images/gifs/compare_frames/frame-040.png, id=205, 803.0pt x 271.0125pt>
File: images/gifs/compare_frames/frame-040.png Graphic file (type png)
<use images/gifs/compare_frames/frame-040.png>
Package pdftex.def Info: images/gifs/compare_frames/frame-040.png  used on inpu
t line 190.
(pdftex.def)             Requested size: 802.99805pt x 271.01183pt.
 <./images/gifs/compare_frames/frame-040.png> <a0,fr40>
<images/gifs/compare_frames/frame-041.png, id=209, 803.0pt x 271.0125pt>
File: images/gifs/compare_frames/frame-041.png Graphic file (type png)
<use images/gifs/compare_frames/frame-041.png>
Package pdftex.def Info: images/gifs/compare_frames/frame-041.png  used on inpu
t line 190.
(pdftex.def)             Requested size: 802.99805pt x 271.01183pt.
 <./images/gifs/compare_frames/frame-041.png> <a0,fr41>
<images/gifs/compare_frames/frame-042.png, id=213, 803.0pt x 271.0125pt>
File: images/gifs/compare_frames/frame-042.png Graphic file (type png)
<use images/gifs/compare_frames/frame-042.png>
Package pdftex.def Info: images/gifs/compare_frames/frame-042.png  used on inpu
t line 190.
(pdftex.def)             Requested size: 802.99805pt x 271.01183pt.
 <./images/gifs/compare_frames/frame-042.png> <a0,fr42>
<images/gifs/compare_frames/frame-043.png, id=217, 803.0pt x 271.0125pt>
File: images/gifs/compare_frames/frame-043.png Graphic file (type png)
<use images/gifs/compare_frames/frame-043.png>
Package pdftex.def Info: images/gifs/compare_frames/frame-043.png  used on inpu
t line 190.
(pdftex.def)             Requested size: 802.99805pt x 271.01183pt.
 <./images/gifs/compare_frames/frame-043.png> <a0,fr43>
<images/gifs/compare_frames/frame-044.png, id=221, 803.0pt x 271.0125pt>
File: images/gifs/compare_frames/frame-044.png Graphic file (type png)
<use images/gifs/compare_frames/frame-044.png>
Package pdftex.def Info: images/gifs/compare_frames/frame-044.png  used on inpu
t line 190.
(pdftex.def)             Requested size: 802.99805pt x 271.01183pt.
 <./images/gifs/compare_frames/frame-044.png> <a0,fr44>
<images/gifs/compare_frames/frame-045.png, id=225, 803.0pt x 271.0125pt>
File: images/gifs/compare_frames/frame-045.png Graphic file (type png)
<use images/gifs/compare_frames/frame-045.png>
Package pdftex.def Info: images/gifs/compare_frames/frame-045.png  used on inpu
t line 190.
(pdftex.def)             Requested size: 802.99805pt x 271.01183pt.
 <./images/gifs/compare_frames/frame-045.png>
<a0,fr45>
<images/gifs/compare_frames/frame-046.png, id=229, 803.0pt x 271.0125pt>
File: images/gifs/compare_frames/frame-046.png Graphic file (type png)
<use images/gifs/compare_frames/frame-046.png>
Package pdftex.def Info: images/gifs/compare_frames/frame-046.png  used on inpu
t line 190.
(pdftex.def)             Requested size: 802.99805pt x 271.01183pt.
 <./images/gifs/compare_frames/frame-046.png> <a0,fr46>
<images/gifs/compare_frames/frame-047.png, id=233, 803.0pt x 271.0125pt>
File: images/gifs/compare_frames/frame-047.png Graphic file (type png)
<use images/gifs/compare_frames/frame-047.png>
Package pdftex.def Info: images/gifs/compare_frames/frame-047.png  used on inpu
t line 190.
(pdftex.def)             Requested size: 802.99805pt x 271.01183pt.
 <./images/gifs/compare_frames/frame-047.png> <a0,fr47>
<images/gifs/compare_frames/frame-048.png, id=237, 803.0pt x 271.0125pt>
File: images/gifs/compare_frames/frame-048.png Graphic file (type png)
<use images/gifs/compare_frames/frame-048.png>
Package pdftex.def Info: images/gifs/compare_frames/frame-048.png  used on inpu
t line 190.
(pdftex.def)             Requested size: 802.99805pt x 271.01183pt.
 <./images/gifs/compare_frames/frame-048.png> <a0,fr48>
<images/gifs/compare_frames/frame-049.png, id=241, 803.0pt x 271.0125pt>
File: images/gifs/compare_frames/frame-049.png Graphic file (type png)
<use images/gifs/compare_frames/frame-049.png>
Package pdftex.def Info: images/gifs/compare_frames/frame-049.png  used on inpu
t line 190.
(pdftex.def)             Requested size: 802.99805pt x 271.01183pt.
 <./images/gifs/compare_frames/frame-049.png> <a0,fr49>
<images/gifs/compare_frames/frame-050.png, id=245, 803.0pt x 271.0125pt>
File: images/gifs/compare_frames/frame-050.png Graphic file (type png)
<use images/gifs/compare_frames/frame-050.png>
Package pdftex.def Info: images/gifs/compare_frames/frame-050.png  used on inpu
t line 190.
(pdftex.def)             Requested size: 802.99805pt x 271.01183pt.
 <./images/gifs/compare_frames/frame-050.png> <a0,fr50>
<images/gifs/compare_frames/frame-051.png, id=249, 803.0pt x 271.0125pt>
File: images/gifs/compare_frames/frame-051.png Graphic file (type png)
<use images/gifs/compare_frames/frame-051.png>
Package pdftex.def Info: images/gifs/compare_frames/frame-051.png  used on inpu
t line 190.
(pdftex.def)             Requested size: 802.99805pt x 271.01183pt.
 <./images/gifs/compare_frames/frame-051.png> <a0,fr51>
<images/gifs/compare_frames/frame-052.png, id=253, 803.0pt x 271.0125pt>
File: images/gifs/compare_frames/frame-052.png Graphic file (type png)
<use images/gifs/compare_frames/frame-052.png>
Package pdftex.def Info: images/gifs/compare_frames/frame-052.png  used on inpu
t line 190.
(pdftex.def)             Requested size: 802.99805pt x 271.01183pt.
 <./images/gifs/compare_frames/frame-052.png> <a0,fr52>
<images/gifs/compare_frames/frame-053.png, id=257, 803.0pt x 271.0125pt>
File: images/gifs/compare_frames/frame-053.png Graphic file (type png)
<use images/gifs/compare_frames/frame-053.png>
Package pdftex.def Info: images/gifs/compare_frames/frame-053.png  used on inpu
t line 190.
(pdftex.def)             Requested size: 802.99805pt x 271.01183pt.
 <./images/gifs/compare_frames/frame-053.png> <a0,fr53>
<images/gifs/compare_frames/frame-054.png, id=261, 803.0pt x 271.0125pt>
File: images/gifs/compare_frames/frame-054.png Graphic file (type png)
<use images/gifs/compare_frames/frame-054.png>
Package pdftex.def Info: images/gifs/compare_frames/frame-054.png  used on inpu
t line 190.
(pdftex.def)             Requested size: 802.99805pt x 271.01183pt.
 <./images/gifs/compare_frames/frame-054.png> <a0,fr54>
<images/gifs/compare_frames/frame-055.png, id=265, 803.0pt x 271.0125pt>
File: images/gifs/compare_frames/frame-055.png Graphic file (type png)
<use images/gifs/compare_frames/frame-055.png>
Package pdftex.def Info: images/gifs/compare_frames/frame-055.png  used on inpu
t line 190.
(pdftex.def)             Requested size: 802.99805pt x 271.01183pt.
 <./images/gifs/compare_frames/frame-055.png>
<a0,fr55>
<images/gifs/compare_frames/frame-056.png, id=269, 803.0pt x 271.0125pt>
File: images/gifs/compare_frames/frame-056.png Graphic file (type png)
<use images/gifs/compare_frames/frame-056.png>
Package pdftex.def Info: images/gifs/compare_frames/frame-056.png  used on inpu
t line 190.
(pdftex.def)             Requested size: 802.99805pt x 271.01183pt.
 <./images/gifs/compare_frames/frame-056.png> <a0,fr56>
<images/gifs/compare_frames/frame-057.png, id=273, 803.0pt x 271.0125pt>
File: images/gifs/compare_frames/frame-057.png Graphic file (type png)
<use images/gifs/compare_frames/frame-057.png>
Package pdftex.def Info: images/gifs/compare_frames/frame-057.png  used on inpu
t line 190.
(pdftex.def)             Requested size: 802.99805pt x 271.01183pt.
 <./images/gifs/compare_frames/frame-057.png> <a0,fr57>
<images/gifs/compare_frames/frame-058.png, id=277, 803.0pt x 271.0125pt>
File: images/gifs/compare_frames/frame-058.png Graphic file (type png)
<use images/gifs/compare_frames/frame-058.png>
Package pdftex.def Info: images/gifs/compare_frames/frame-058.png  used on inpu
t line 190.
(pdftex.def)             Requested size: 802.99805pt x 271.01183pt.
 <./images/gifs/compare_frames/frame-058.png> <a0,fr58>
<images/gifs/compare_frames/frame-059.png, id=281, 803.0pt x 271.0125pt>
File: images/gifs/compare_frames/frame-059.png Graphic file (type png)
<use images/gifs/compare_frames/frame-059.png>
Package pdftex.def Info: images/gifs/compare_frames/frame-059.png  used on inpu
t line 190.
(pdftex.def)             Requested size: 802.99805pt x 271.01183pt.
 <./images/gifs/compare_frames/frame-059.png> <a0,fr59>
<images/gifs/compare_frames/frame-060.png, id=285, 803.0pt x 271.0125pt>
File: images/gifs/compare_frames/frame-060.png Graphic file (type png)
<use images/gifs/compare_frames/frame-060.png>
Package pdftex.def Info: images/gifs/compare_frames/frame-060.png  used on inpu
t line 190.
(pdftex.def)             Requested size: 802.99805pt x 271.01183pt.
 <./images/gifs/compare_frames/frame-060.png> <a0,fr60>
<images/gifs/compare_frames/frame-061.png, id=289, 803.0pt x 271.0125pt>
File: images/gifs/compare_frames/frame-061.png Graphic file (type png)
<use images/gifs/compare_frames/frame-061.png>
Package pdftex.def Info: images/gifs/compare_frames/frame-061.png  used on inpu
t line 190.
(pdftex.def)             Requested size: 802.99805pt x 271.01183pt.
 <./images/gifs/compare_frames/frame-061.png> <a0,fr61>
<images/gifs/compare_frames/frame-062.png, id=293, 803.0pt x 271.0125pt>
File: images/gifs/compare_frames/frame-062.png Graphic file (type png)
<use images/gifs/compare_frames/frame-062.png>
Package pdftex.def Info: images/gifs/compare_frames/frame-062.png  used on inpu
t line 190.
(pdftex.def)             Requested size: 802.99805pt x 271.01183pt.
 <./images/gifs/compare_frames/frame-062.png> <a0,fr62>
<images/gifs/compare_frames/frame-063.png, id=297, 803.0pt x 271.0125pt>
File: images/gifs/compare_frames/frame-063.png Graphic file (type png)
<use images/gifs/compare_frames/frame-063.png>
Package pdftex.def Info: images/gifs/compare_frames/frame-063.png  used on inpu
t line 190.
(pdftex.def)             Requested size: 802.99805pt x 271.01183pt.
 <./images/gifs/compare_frames/frame-063.png> <a0,fr63>
<images/gifs/compare_frames/frame-064.png, id=301, 803.0pt x 271.0125pt>
File: images/gifs/compare_frames/frame-064.png Graphic file (type png)
<use images/gifs/compare_frames/frame-064.png>
Package pdftex.def Info: images/gifs/compare_frames/frame-064.png  used on inpu
t line 190.
(pdftex.def)             Requested size: 802.99805pt x 271.01183pt.
 <./images/gifs/compare_frames/frame-064.png> <a0,fr64>
<images/gifs/compare_frames/frame-065.png, id=305, 803.0pt x 271.0125pt>
File: images/gifs/compare_frames/frame-065.png Graphic file (type png)
<use images/gifs/compare_frames/frame-065.png>
Package pdftex.def Info: images/gifs/compare_frames/frame-065.png  used on inpu
t line 190.
(pdftex.def)             Requested size: 802.99805pt x 271.01183pt.
 <./images/gifs/compare_frames/frame-065.png>
<a0,fr65>
<images/gifs/compare_frames/frame-066.png, id=309, 803.0pt x 271.0125pt>
File: images/gifs/compare_frames/frame-066.png Graphic file (type png)
<use images/gifs/compare_frames/frame-066.png>
Package pdftex.def Info: images/gifs/compare_frames/frame-066.png  used on inpu
t line 190.
(pdftex.def)             Requested size: 802.99805pt x 271.01183pt.
 <./images/gifs/compare_frames/frame-066.png> <a0,fr66>
<images/gifs/compare_frames/frame-067.png, id=313, 803.0pt x 271.0125pt>
File: images/gifs/compare_frames/frame-067.png Graphic file (type png)
<use images/gifs/compare_frames/frame-067.png>
Package pdftex.def Info: images/gifs/compare_frames/frame-067.png  used on inpu
t line 190.
(pdftex.def)             Requested size: 802.99805pt x 271.01183pt.
 <./images/gifs/compare_frames/frame-067.png> <a0,fr67>
<images/gifs/compare_frames/frame-068.png, id=317, 803.0pt x 271.0125pt>
File: images/gifs/compare_frames/frame-068.png Graphic file (type png)
<use images/gifs/compare_frames/frame-068.png>
Package pdftex.def Info: images/gifs/compare_frames/frame-068.png  used on inpu
t line 190.
(pdftex.def)             Requested size: 802.99805pt x 271.01183pt.
 <./images/gifs/compare_frames/frame-068.png> <a0,fr68>
<images/gifs/compare_frames/frame-069.png, id=321, 803.0pt x 271.0125pt>
File: images/gifs/compare_frames/frame-069.png Graphic file (type png)
<use images/gifs/compare_frames/frame-069.png>
Package pdftex.def Info: images/gifs/compare_frames/frame-069.png  used on inpu
t line 190.
(pdftex.def)             Requested size: 802.99805pt x 271.01183pt.
 <./images/gifs/compare_frames/frame-069.png> <a0,fr69>
<images/gifs/compare_frames/frame-070.png, id=325, 803.0pt x 271.0125pt>
File: images/gifs/compare_frames/frame-070.png Graphic file (type png)
<use images/gifs/compare_frames/frame-070.png>
Package pdftex.def Info: images/gifs/compare_frames/frame-070.png  used on inpu
t line 190.
(pdftex.def)             Requested size: 802.99805pt x 271.01183pt.
 <./images/gifs/compare_frames/frame-070.png> <a0,fr70>
<images/gifs/compare_frames/frame-071.png, id=329, 803.0pt x 271.0125pt>
File: images/gifs/compare_frames/frame-071.png Graphic file (type png)
<use images/gifs/compare_frames/frame-071.png>
Package pdftex.def Info: images/gifs/compare_frames/frame-071.png  used on inpu
t line 190.
(pdftex.def)             Requested size: 802.99805pt x 271.01183pt.
 <./images/gifs/compare_frames/frame-071.png> <a0,fr71>
<images/gifs/compare_frames/frame-072.png, id=333, 803.0pt x 271.0125pt>
File: images/gifs/compare_frames/frame-072.png Graphic file (type png)
<use images/gifs/compare_frames/frame-072.png>
Package pdftex.def Info: images/gifs/compare_frames/frame-072.png  used on inpu
t line 190.
(pdftex.def)             Requested size: 802.99805pt x 271.01183pt.
 <./images/gifs/compare_frames/frame-072.png> <a0,fr72>
<images/gifs/compare_frames/frame-073.png, id=337, 803.0pt x 271.0125pt>
File: images/gifs/compare_frames/frame-073.png Graphic file (type png)
<use images/gifs/compare_frames/frame-073.png>
Package pdftex.def Info: images/gifs/compare_frames/frame-073.png  used on inpu
t line 190.
(pdftex.def)             Requested size: 802.99805pt x 271.01183pt.
 <./images/gifs/compare_frames/frame-073.png> <a0,fr73>
<images/gifs/compare_frames/frame-074.png, id=341, 803.0pt x 271.0125pt>
File: images/gifs/compare_frames/frame-074.png Graphic file (type png)
<use images/gifs/compare_frames/frame-074.png>
Package pdftex.def Info: images/gifs/compare_frames/frame-074.png  used on inpu
t line 190.
(pdftex.def)             Requested size: 802.99805pt x 271.01183pt.
 <./images/gifs/compare_frames/frame-074.png> <a0,fr74>
<images/gifs/compare_frames/frame-075.png, id=345, 803.0pt x 271.0125pt>
File: images/gifs/compare_frames/frame-075.png Graphic file (type png)
<use images/gifs/compare_frames/frame-075.png>
Package pdftex.def Info: images/gifs/compare_frames/frame-075.png  used on inpu
t line 190.
(pdftex.def)             Requested size: 802.99805pt x 271.01183pt.
 <./images/gifs/compare_frames/frame-075.png>
<a0,fr75>
<images/gifs/compare_frames/frame-076.png, id=349, 803.0pt x 271.0125pt>
File: images/gifs/compare_frames/frame-076.png Graphic file (type png)
<use images/gifs/compare_frames/frame-076.png>
Package pdftex.def Info: images/gifs/compare_frames/frame-076.png  used on inpu
t line 190.
(pdftex.def)             Requested size: 802.99805pt x 271.01183pt.
 <./images/gifs/compare_frames/frame-076.png> <a0,fr76>
<images/gifs/compare_frames/frame-077.png, id=353, 803.0pt x 271.0125pt>
File: images/gifs/compare_frames/frame-077.png Graphic file (type png)
<use images/gifs/compare_frames/frame-077.png>
Package pdftex.def Info: images/gifs/compare_frames/frame-077.png  used on inpu
t line 190.
(pdftex.def)             Requested size: 802.99805pt x 271.01183pt.
 <./images/gifs/compare_frames/frame-077.png> <a0,fr77>
<images/gifs/compare_frames/frame-078.png, id=357, 803.0pt x 271.0125pt>
File: images/gifs/compare_frames/frame-078.png Graphic file (type png)
<use images/gifs/compare_frames/frame-078.png>
Package pdftex.def Info: images/gifs/compare_frames/frame-078.png  used on inpu
t line 190.
(pdftex.def)             Requested size: 802.99805pt x 271.01183pt.
 <./images/gifs/compare_frames/frame-078.png> <a0,fr78>
<images/gifs/compare_frames/frame-079.png, id=361, 803.0pt x 271.0125pt>
File: images/gifs/compare_frames/frame-079.png Graphic file (type png)
<use images/gifs/compare_frames/frame-079.png>
Package pdftex.def Info: images/gifs/compare_frames/frame-079.png  used on inpu
t line 190.
(pdftex.def)             Requested size: 802.99805pt x 271.01183pt.
 <./images/gifs/compare_frames/frame-079.png> <a0,fr79>
<images/gifs/compare_frames/frame-080.png, id=365, 803.0pt x 271.0125pt>
File: images/gifs/compare_frames/frame-080.png Graphic file (type png)
<use images/gifs/compare_frames/frame-080.png>
Package pdftex.def Info: images/gifs/compare_frames/frame-080.png  used on inpu
t line 190.
(pdftex.def)             Requested size: 802.99805pt x 271.01183pt.
 <./images/gifs/compare_frames/frame-080.png> <a0,fr80>

[4

]
<images/3dgs_teaser.png, id=464, 357.7365pt x 81.906pt>
File: images/3dgs_teaser.png Graphic file (type png)
<use images/3dgs_teaser.png>
Package pdftex.def Info: images/3dgs_teaser.png  used on input line 217.
(pdftex.def)             Requested size: 366.47076pt x 83.90918pt.


[5

 <./images/3dgs_teaser.png>]
Overfull \hbox (109.6082pt too wide) in paragraph at lines 280--280
[][]  
 []



[6

]

[7

]

[8

]
LaTeX Font Info:    Font shape `OT1/cmss/b/n' in size <10> not available
(Font)              Font shape `OT1/cmss/bx/n' tried instead on input line 490.

LaTeX Font Info:    Font shape `OT1/cmss/b/n' in size <7> not available
(Font)              Font shape `OT1/cmss/bx/n' tried instead on input line 490.

LaTeX Font Info:    Font shape `OT1/cmss/b/n' in size <5> not available
(Font)              Font shape `OT1/cmss/bx/n' tried instead on input line 490.



[9

]
Overfull \hbox (17.81924pt too wide) in paragraph at lines 581--581
[][]  
 []



[10

]

[11

]
LaTeX Font Info:    Font shape `OT1/cmss/b/n' in size <9> not available
(Font)              Font shape `OT1/cmss/bx/n' tried instead on input line 674.

LaTeX Font Info:    Font shape `OT1/cmss/b/n' in size <6> not available
(Font)              Font shape `OT1/cmss/bx/n' tried instead on input line 674.



[12

]

[13

]
File: images/3dgs_teaser.png Graphic file (type png)
<use images/3dgs_teaser.png>
Package pdftex.def Info: images/3dgs_teaser.png  used on input line 745.
(pdftex.def)             Requested size: 326.64055pt x 74.78952pt.


[14

]

[15

]

[16

]

[17

]

[18

]

[19

]

[20

]

[21

]
\tf@nav=\write6
\openout6 = `main.nav'.

\tf@toc=\write7
\openout7 = `main.toc'.

\tf@snm=\write8
\openout8 = `main.snm'.

 (./main.aux)
 ***********
LaTeX2e <2024-11-01> patch level 2
L3 programming layer <2025-01-18>
 ***********
Package rerunfilecheck Info: File `main.out' has not changed.
(rerunfilecheck)             Checksum: D41D8CD98F00B204E9800998ECF8427E;0.
 ) 
Here is how much of TeX's memory you used:
 40280 strings out of 473190
 969476 string characters out of 5722594
 1448325 words of memory out of 5000000
 62777 multiletter control sequences out of 15000+600000
 571885 words of font info for 82 fonts, out of 8000000 for 9000
 1141 hyphenation exceptions out of 8191
 102i,14n,123p,1871b,1108s stack positions out of 10000i,1000n,20000p,200000b,200000s
</usr/share/texmf-dist/fonts/type1/public/amsfonts/cm/cmex10.pfb></usr/share/
texmf-dist/fonts/type1/public/amsfonts/cm/cmmi10.pfb></usr/share/texmf-dist/fon
ts/type1/public/amsfonts/cm/cmmi5.pfb></usr/share/texmf-dist/fonts/type1/public
/amsfonts/cm/cmmi9.pfb></usr/share/texmf-dist/fonts/type1/public/amsfonts/cm/cm
ss10.pfb></usr/share/texmf-dist/fonts/type1/public/amsfonts/cm/cmss12.pfb></usr
/share/texmf-dist/fonts/type1/public/amsfonts/cm/cmss8.pfb></usr/share/texmf-di
st/fonts/type1/public/amsfonts/cm/cmss9.pfb></usr/share/texmf-dist/fonts/type1/
public/amsfonts/cm/cmssbx10.pfb></usr/share/texmf-dist/fonts/type1/public/amsfo
nts/cm/cmssi10.pfb></usr/share/texmf-dist/fonts/type1/public/amsfonts/cm/cmssi8
.pfb></usr/share/texmf-dist/fonts/type1/public/amsfonts/cm/cmssi9.pfb></usr/sha
re/texmf-dist/fonts/type1/public/amsfonts/cm/cmsy10.pfb></usr/share/texmf-dist/
fonts/type1/public/amsfonts/cm/cmsy9.pfb></usr/share/texmf-dist/fonts/type1/pub
lic/cm-super/sfss0500.pfb></usr/share/texmf-dist/fonts/type1/public/cm-super/sf
ss0900.pfb></usr/share/texmf-dist/fonts/type1/public/cm-super/sfss1000.pfb></us
r/share/texmf-dist/fonts/type1/public/cm-super/sfsx1000.pfb></usr/share/texmf-d
ist/fonts/type1/public/cm-super/sfsx1200.pfb>
Output written on main.pdf (21 pages, 4345928 bytes).
PDF statistics:
 678 PDF objects out of 1000 (max. 8388607)
 357 compressed objects within 4 object streams
 43 named destinations out of 1000 (max. 500000)
 971 words of extra memory for PDF output out of 10000 (max. 10000000)

